Bringing machine 'minikube-cluster' up with 'virtualbox' provider...
==> minikube-cluster: Importing base box 'sysnet4admin/CentOS-k8s'...
[KProgress: 30%[KProgress: 50%[KProgress: 70%[KProgress: 90%[K==> minikube-cluster: Matching MAC address for NAT networking...
==> minikube-cluster: Checking if box 'sysnet4admin/CentOS-k8s' version '0.7.4' is up to date...
==> minikube-cluster: Setting the name of the VM: minikube-cluster
==> minikube-cluster: Clearing any previously set network interfaces...
==> minikube-cluster: Preparing network interfaces based on configuration...
    minikube-cluster: Adapter 1: nat
    minikube-cluster: Adapter 2: hostonly
==> minikube-cluster: Forwarding ports...
    minikube-cluster: 22 (guest) => 60201 (host) (adapter 1)
==> minikube-cluster: Running 'pre-boot' VM customizations...
==> minikube-cluster: Booting VM...
==> minikube-cluster: Waiting for machine to boot. This may take a few minutes...
    minikube-cluster: SSH address: 127.0.0.1:60201
    minikube-cluster: SSH username: vagrant
    minikube-cluster: SSH auth method: private key
    minikube-cluster: Warning: Connection reset. Retrying...
    minikube-cluster: Warning: Remote connection disconnect. Retrying...
    minikube-cluster: Warning: Connection reset. Retrying...
    minikube-cluster: Warning: Remote connection disconnect. Retrying...
    minikube-cluster: Warning: Connection reset. Retrying...
    minikube-cluster: 
    minikube-cluster: Vagrant insecure key detected. Vagrant will automatically replace
    minikube-cluster: this with a newly generated keypair for better security.
    minikube-cluster: 
    minikube-cluster: Inserting generated public key within guest...
    minikube-cluster: Removing insecure key from the guest if it's present...
    minikube-cluster: Key inserted! Disconnecting and reconnecting using new SSH key...
==> minikube-cluster: Machine booted and ready!
==> minikube-cluster: Checking for guest additions in VM...
    minikube-cluster: The guest additions on this VM do not match the installed version of
    minikube-cluster: VirtualBox! In most cases this is fine, but in rare cases it can
    minikube-cluster: prevent things such as shared folders from working properly. If you see
    minikube-cluster: shared folder errors, please make sure the guest additions within the
    minikube-cluster: virtual machine match the version of VirtualBox you have installed on
    minikube-cluster: your host and reload your VM.
    minikube-cluster: 
    minikube-cluster: Guest Additions Version: 5.2.12
    minikube-cluster: VirtualBox Version: 6.1
==> minikube-cluster: Setting hostname...
==> minikube-cluster: Configuring and enabling network interfaces...
==> minikube-cluster: Running provisioner: shell...
    minikube-cluster: Running: /var/folders/57/629sgzyn5wng9wyrwry2325m0000gn/T/vagrant-shell20230310-77891-6v2e1o.sh
    minikube-cluster: Loaded plugins: fastestmirror
    minikube-cluster: Determining fastest mirrors
    minikube-cluster:  * base: mirror.navercorp.com
    minikube-cluster:  * extras: mirror.navercorp.com
    minikube-cluster:  * updates: mirror.kakao.com
    minikube-cluster: Resolving Dependencies
    minikube-cluster: --> Running transaction check
    minikube-cluster: ---> Package epel-release.noarch 0:7-11 will be installed
    minikube-cluster: --> Finished Dependency Resolution
    minikube-cluster: 
    minikube-cluster: Dependencies Resolved
    minikube-cluster: 
    minikube-cluster: ================================================================================
    minikube-cluster:  Package                Arch             Version         Repository        Size
    minikube-cluster: ================================================================================
    minikube-cluster: Installing:
    minikube-cluster:  epel-release           noarch           7-11            extras            15 k
    minikube-cluster: 
    minikube-cluster: Transaction Summary
    minikube-cluster: ================================================================================
    minikube-cluster: Install  1 Package
    minikube-cluster: 
    minikube-cluster: Total download size: 15 k
    minikube-cluster: Installed size: 24 k
    minikube-cluster: Downloading packages:
    minikube-cluster: Running transaction check
    minikube-cluster: Running transaction test
    minikube-cluster: Transaction test succeeded
    minikube-cluster: Running transaction
    minikube-cluster:   Installing : epel-release-7-11.noarch                                     1/1
    minikube-cluster:   Verifying  : epel-release-7-11.noarch                                     1/1
    minikube-cluster: 
    minikube-cluster: Installed:
    minikube-cluster:   epel-release.noarch 0:7-11
    minikube-cluster: 
    minikube-cluster: Complete!
    minikube-cluster: Loaded plugins: fastestmirror
    minikube-cluster: Loading mirror speeds from cached hostfile
    minikube-cluster:  * base: mirror.navercorp.com
    minikube-cluster:  * epel: mirror-jp.misakamikoto.network
    minikube-cluster:  * extras: mirror.navercorp.com
    minikube-cluster:  * updates: mirror.kakao.com
    minikube-cluster: https://ftp.riken.jp/Linux/fedora/epel/7/x86_64/repodata/dd46841c3586f49f9b8d0100ad154560b27317850d2266b73c39df0e4f433cf3-primary.sqlite.bz2: [Errno 14] HTTPS Error 404 - Not Found
    minikube-cluster: Trying other mirror.
    minikube-cluster: To address this issue please refer to the below wiki article
    minikube-cluster: 
    minikube-cluster: https://wiki.centos.org/yum-errors
    minikube-cluster: 
    minikube-cluster: If above article doesn't help to resolve this issue please use https://bugs.centos.org/.
    minikube-cluster: 
    minikube-cluster: Resolving Dependencies
    minikube-cluster: --> Running transaction check
    minikube-cluster: ---> Package vim-enhanced.x86_64 2:7.4.629-8.el7_9 will be installed
    minikube-cluster: --> Processing Dependency: vim-common = 2:7.4.629-8.el7_9 for package: 2:vim-enhanced-7.4.629-8.el7_9.x86_64
    minikube-cluster: --> Processing Dependency: perl(:MODULE_COMPAT_5.16.3) for package: 2:vim-enhanced-7.4.629-8.el7_9.x86_64
    minikube-cluster: --> Processing Dependency: libperl.so()(64bit) for package: 2:vim-enhanced-7.4.629-8.el7_9.x86_64
    minikube-cluster: --> Processing Dependency: libgpm.so.2()(64bit) for package: 2:vim-enhanced-7.4.629-8.el7_9.x86_64
    minikube-cluster: --> Running transaction check
    minikube-cluster: ---> Package gpm-libs.x86_64 0:1.20.7-6.el7 will be installed
    minikube-cluster: ---> Package perl.x86_64 4:5.16.3-299.el7_9 will be installed
    minikube-cluster: --> Processing Dependency: perl(Socket) >= 1.3 for package: 4:perl-5.16.3-299.el7_9.x86_64
    minikube-cluster: --> Processing Dependency: perl(Scalar::Util) >= 1.10 for package: 4:perl-5.16.3-299.el7_9.x86_64
    minikube-cluster: --> Processing Dependency: perl-macros for package: 4:perl-5.16.3-299.el7_9.x86_64
    minikube-cluster: --> Processing Dependency: perl(threads::shared) for package: 4:perl-5.16.3-299.el7_9.x86_64
    minikube-cluster: --> Processing Dependency: perl(threads) for package: 4:perl-5.16.3-299.el7_9.x86_64
    minikube-cluster: --> Processing Dependency: perl(constant) for package: 4:perl-5.16.3-299.el7_9.x86_64
    minikube-cluster: --> Processing Dependency: perl(Time::Local) for package: 4:perl-5.16.3-299.el7_9.x86_64
    minikube-cluster: --> Processing Dependency: perl(Time::HiRes) for package: 4:perl-5.16.3-299.el7_9.x86_64
    minikube-cluster: --> Processing Dependency: perl(Storable) for package: 4:perl-5.16.3-299.el7_9.x86_64
    minikube-cluster: --> Processing Dependency: perl(Socket) for package: 4:perl-5.16.3-299.el7_9.x86_64
    minikube-cluster: --> Processing Dependency: perl(Scalar::Util) for package: 4:perl-5.16.3-299.el7_9.x86_64
    minikube-cluster: --> Processing Dependency: perl(Pod::Simple::XHTML) for package: 4:perl-5.16.3-299.el7_9.x86_64
    minikube-cluster: --> Processing Dependency: perl(Pod::Simple::Search) for package: 4:perl-5.16.3-299.el7_9.x86_64
    minikube-cluster: --> Processing Dependency: perl(Getopt::Long) for package: 4:perl-5.16.3-299.el7_9.x86_64
    minikube-cluster: --> Processing Dependency: perl(Filter::Util::Call) for package: 4:perl-5.16.3-299.el7_9.x86_64
    minikube-cluster: --> Processing Dependency: perl(File::Temp) for package: 4:perl-5.16.3-299.el7_9.x86_64
    minikube-cluster: --> Processing Dependency: perl(File::Spec::Unix) for package: 4:perl-5.16.3-299.el7_9.x86_64
    minikube-cluster: --> Processing Dependency: perl(File::Spec::Functions) for package: 4:perl-5.16.3-299.el7_9.x86_64
    minikube-cluster: --> Processing Dependency: perl(File::Spec) for package: 4:perl-5.16.3-299.el7_9.x86_64
    minikube-cluster: --> Processing Dependency: perl(File::Path) for package: 4:perl-5.16.3-299.el7_9.x86_64
    minikube-cluster: --> Processing Dependency: perl(Exporter) for package: 4:perl-5.16.3-299.el7_9.x86_64
    minikube-cluster: --> Processing Dependency: perl(Cwd) for package: 4:perl-5.16.3-299.el7_9.x86_64
    minikube-cluster: --> Processing Dependency: perl(Carp) for package: 4:perl-5.16.3-299.el7_9.x86_64
    minikube-cluster: ---> Package perl-libs.x86_64 4:5.16.3-299.el7_9 will be installed
    minikube-cluster: ---> Package vim-common.x86_64 2:7.4.629-8.el7_9 will be installed
    minikube-cluster: --> Processing Dependency: vim-filesystem for package: 2:vim-common-7.4.629-8.el7_9.x86_64
    minikube-cluster: --> Running transaction check
    minikube-cluster: ---> Package perl-Carp.noarch 0:1.26-244.el7 will be installed
    minikube-cluster: ---> Package perl-Exporter.noarch 0:5.68-3.el7 will be installed
    minikube-cluster: ---> Package perl-File-Path.noarch 0:2.09-2.el7 will be installed
    minikube-cluster: ---> Package perl-File-Temp.noarch 0:0.23.01-3.el7 will be installed
    minikube-cluster: ---> Package perl-Filter.x86_64 0:1.49-3.el7 will be installed
    minikube-cluster: ---> Package perl-Getopt-Long.noarch 0:2.40-3.el7 will be installed
    minikube-cluster: --> Processing Dependency: perl(Pod::Usage) >= 1.14 for package: perl-Getopt-Long-2.40-3.el7.noarch
    minikube-cluster: --> Processing Dependency: perl(Text::ParseWords) for package: perl-Getopt-Long-2.40-3.el7.noarch
    minikube-cluster: ---> Package perl-PathTools.x86_64 0:3.40-5.el7 will be installed
    minikube-cluster: ---> Package perl-Pod-Simple.noarch 1:3.28-4.el7 will be installed
    minikube-cluster: --> Processing Dependency: perl(Pod::Escapes) >= 1.04 for package: 1:perl-Pod-Simple-3.28-4.el7.noarch
    minikube-cluster: --> Processing Dependency: perl(Encode) for package: 1:perl-Pod-Simple-3.28-4.el7.noarch
    minikube-cluster: ---> Package perl-Scalar-List-Utils.x86_64 0:1.27-248.el7 will be installed
    minikube-cluster: ---> Package perl-Socket.x86_64 0:2.010-5.el7 will be installed
    minikube-cluster: ---> Package perl-Storable.x86_64 0:2.45-3.el7 will be installed
    minikube-cluster: ---> Package perl-Time-HiRes.x86_64 4:1.9725-3.el7 will be installed
    minikube-cluster: ---> Package perl-Time-Local.noarch 0:1.2300-2.el7 will be installed
    minikube-cluster: ---> Package perl-constant.noarch 0:1.27-2.el7 will be installed
    minikube-cluster: ---> Package perl-macros.x86_64 4:5.16.3-299.el7_9 will be installed
    minikube-cluster: ---> Package perl-threads.x86_64 0:1.87-4.el7 will be installed
    minikube-cluster: ---> Package perl-threads-shared.x86_64 0:1.43-6.el7 will be installed
    minikube-cluster: ---> Package vim-filesystem.x86_64 2:7.4.629-8.el7_9 will be installed
    minikube-cluster: --> Running transaction check
    minikube-cluster: ---> Package perl-Encode.x86_64 0:2.51-7.el7 will be installed
    minikube-cluster: ---> Package perl-Pod-Escapes.noarch 1:1.04-299.el7_9 will be installed
    minikube-cluster: ---> Package perl-Pod-Usage.noarch 0:1.63-3.el7 will be installed
    minikube-cluster: --> Processing Dependency: perl(Pod::Text) >= 3.15 for package: perl-Pod-Usage-1.63-3.el7.noarch
    minikube-cluster: --> Processing Dependency: perl-Pod-Perldoc for package: perl-Pod-Usage-1.63-3.el7.noarch
    minikube-cluster: ---> Package perl-Text-ParseWords.noarch 0:3.29-4.el7 will be installed
    minikube-cluster: --> Running transaction check
    minikube-cluster: ---> Package perl-Pod-Perldoc.noarch 0:3.20-4.el7 will be installed
    minikube-cluster: --> Processing Dependency: perl(parent) for package: perl-Pod-Perldoc-3.20-4.el7.noarch
    minikube-cluster: --> Processing Dependency: perl(HTTP::Tiny) for package: perl-Pod-Perldoc-3.20-4.el7.noarch
    minikube-cluster: ---> Package perl-podlators.noarch 0:2.5.1-3.el7 will be installed
    minikube-cluster: --> Running transaction check
    minikube-cluster: ---> Package perl-HTTP-Tiny.noarch 0:0.033-3.el7 will be installed
    minikube-cluster: ---> Package perl-parent.noarch 1:0.225-244.el7 will be installed
    minikube-cluster: --> Finished Dependency Resolution
    minikube-cluster: 
    minikube-cluster: Dependencies Resolved
    minikube-cluster: 
    minikube-cluster: ================================================================================
    minikube-cluster:  Package                    Arch       Version                Repository   Size
    minikube-cluster: ================================================================================
    minikube-cluster: Installing:
    minikube-cluster:  vim-enhanced               x86_64     2:7.4.629-8.el7_9      updates     1.1 M
    minikube-cluster: Installing for dependencies:
    minikube-cluster:  gpm-libs                   x86_64     1.20.7-6.el7           base         32 k
    minikube-cluster:  perl                       x86_64     4:5.16.3-299.el7_9     updates     8.0 M
    minikube-cluster:  perl-Carp                  noarch     1.26-244.el7           base         19 k
    minikube-cluster:  perl-Encode                x86_64     2.51-7.el7             base        1.5 M
    minikube-cluster:  perl-Exporter              noarch     5.68-3.el7             base         28 k
    minikube-cluster:  perl-File-Path             noarch     2.09-2.el7             base         26 k
    minikube-cluster:  perl-File-Temp             noarch     0.23.01-3.el7          base         56 k
    minikube-cluster:  perl-Filter                x86_64     1.49-3.el7             base         76 k
    minikube-cluster:  perl-Getopt-Long           noarch     2.40-3.el7             base         56 k
    minikube-cluster:  perl-HTTP-Tiny             noarch     0.033-3.el7            base         38 k
    minikube-cluster:  perl-PathTools             x86_64     3.40-5.el7             base         82 k
    minikube-cluster:  perl-Pod-Escapes           noarch     1:1.04-299.el7_9       updates      52 k
    minikube-cluster:  perl-Pod-Perldoc           noarch     3.20-4.el7             base         87 k
    minikube-cluster:  perl-Pod-Simple            noarch     1:3.28-4.el7           base        216 k
    minikube-cluster:  perl-Pod-Usage             noarch     1.63-3.el7             base         27 k
    minikube-cluster:  perl-Scalar-List-Utils     x86_64     1.27-248.el7           base         36 k
    minikube-cluster:  perl-Socket                x86_64     2.010-5.el7            base         49 k
    minikube-cluster:  perl-Storable              x86_64     2.45-3.el7             base         77 k
    minikube-cluster:  perl-Text-ParseWords       noarch     3.29-4.el7             base         14 k
    minikube-cluster:  perl-Time-HiRes            x86_64     4:1.9725-3.el7         base         45 k
    minikube-cluster:  perl-Time-Local            noarch     1.2300-2.el7           base         24 k
    minikube-cluster:  perl-constant              noarch     1.27-2.el7             base         19 k
    minikube-cluster:  perl-libs                  x86_64     4:5.16.3-299.el7_9     updates     690 k
    minikube-cluster:  perl-macros                x86_64     4:5.16.3-299.el7_9     updates      44 k
    minikube-cluster:  perl-parent                noarch     1:0.225-244.el7        base         12 k
    minikube-cluster:  perl-podlators             noarch     2.5.1-3.el7            base        112 k
    minikube-cluster:  perl-threads               x86_64     1.87-4.el7             base         49 k
    minikube-cluster:  perl-threads-shared        x86_64     1.43-6.el7             base         39 k
    minikube-cluster:  vim-common                 x86_64     2:7.4.629-8.el7_9      updates     5.9 M
    minikube-cluster:  vim-filesystem             x86_64     2:7.4.629-8.el7_9      updates      11 k
    minikube-cluster: 
    minikube-cluster: Transaction Summary
    minikube-cluster: ================================================================================
    minikube-cluster: Install  1 Package (+30 Dependent packages)
    minikube-cluster: 
    minikube-cluster: Total download size: 18 M
    minikube-cluster: Installed size: 60 M
    minikube-cluster: Downloading packages:
    minikube-cluster: --------------------------------------------------------------------------------
    minikube-cluster: Total                                              9.4 MB/s |  18 MB  00:01
    minikube-cluster: Running transaction check
    minikube-cluster: Running transaction test
    minikube-cluster: Transaction test succeeded
    minikube-cluster: Running transaction
    minikube-cluster:   Installing : 1:perl-parent-0.225-244.el7.noarch                          1/31
    minikube-cluster:   Installing : perl-HTTP-Tiny-0.033-3.el7.noarch                           2/31
    minikube-cluster:   Installing : perl-podlators-2.5.1-3.el7.noarch                           3/31
    minikube-cluster:   Installing : perl-Pod-Perldoc-3.20-4.el7.noarch                          4/31
    minikube-cluster:   Installing : 1:perl-Pod-Escapes-1.04-299.el7_9.noarch                    5/31
    minikube-cluster:   Installing : perl-Encode-2.51-7.el7.x86_64                               6/31
    minikube-cluster:   Installing : perl-Text-ParseWords-3.29-4.el7.noarch                      7/31
    minikube-cluster:   Installing : perl-Pod-Usage-1.63-3.el7.noarch                            8/31
    minikube-cluster:   Installing : 4:perl-macros-5.16.3-299.el7_9.x86_64                       9/31
    minikube-cluster:   Installing : perl-Storable-2.45-3.el7.x86_64                            10/31
    minikube-cluster:   Installing : perl-Exporter-5.68-3.el7.noarch                            11/31
    minikube-cluster:   Installing : perl-constant-1.27-2.el7.noarch                            12/31
    minikube-cluster:   Installing : perl-Socket-2.010-5.el7.x86_64                             13/31
    minikube-cluster:   Installing : perl-Time-Local-1.2300-2.el7.noarch                        14/31
    minikube-cluster:   Installing : perl-Carp-1.26-244.el7.noarch                              15/31
    minikube-cluster:   Installing : perl-PathTools-3.40-5.el7.x86_64                           16/31
    minikube-cluster:   Installing : perl-Scalar-List-Utils-1.27-248.el7.x86_64                 17/31
    minikube-cluster:   Installing : 1:perl-Pod-Simple-3.28-4.el7.noarch                        18/31
    minikube-cluster:   Installing : perl-File-Temp-0.23.01-3.el7.noarch                        19/31
    minikube-cluster:   Installing : perl-File-Path-2.09-2.el7.noarch                           20/31
    minikube-cluster:   Installing : perl-threads-shared-1.43-6.el7.x86_64                      21/31
    minikube-cluster:   Installing : perl-threads-1.87-4.el7.x86_64                             22/31
    minikube-cluster:   Installing : 4:perl-Time-HiRes-1.9725-3.el7.x86_64                      23/31
    minikube-cluster:   Installing : perl-Filter-1.49-3.el7.x86_64                              24/31
    minikube-cluster:   Installing : 4:perl-libs-5.16.3-299.el7_9.x86_64                        25/31
    minikube-cluster:   Installing : perl-Getopt-Long-2.40-3.el7.noarch                         26/31
    minikube-cluster:   Installing : 4:perl-5.16.3-299.el7_9.x86_64                             27/31
    minikube-cluster:   Installing : gpm-libs-1.20.7-6.el7.x86_64                               28/31
    minikube-cluster:   Installing : 2:vim-filesystem-7.4.629-8.el7_9.x86_64                    29/31
    minikube-cluster:   Installing : 2:vim-common-7.4.629-8.el7_9.x86_64                        30/31
    minikube-cluster:   Installing : 2:vim-enhanced-7.4.629-8.el7_9.x86_64                      31/31
    minikube-cluster:   Verifying  : perl-HTTP-Tiny-0.033-3.el7.noarch                           1/31
    minikube-cluster:   Verifying  : perl-threads-shared-1.43-6.el7.x86_64                       2/31
    minikube-cluster:   Verifying  : perl-Storable-2.45-3.el7.x86_64                             3/31
    minikube-cluster:   Verifying  : perl-Exporter-5.68-3.el7.noarch                             4/31
    minikube-cluster:   Verifying  : perl-constant-1.27-2.el7.noarch                             5/31
    minikube-cluster:   Verifying  : perl-PathTools-3.40-5.el7.x86_64                            6/31
    minikube-cluster:   Verifying  : 4:perl-macros-5.16.3-299.el7_9.x86_64                       7/31
    minikube-cluster:   Verifying  : 2:vim-enhanced-7.4.629-8.el7_9.x86_64                       8/31
    minikube-cluster:   Verifying  : 1:perl-parent-0.225-244.el7.noarch                          9/31
    minikube-cluster:   Verifying  : perl-Socket-2.010-5.el7.x86_64                             10/31
    minikube-cluster:   Verifying  : 2:vim-filesystem-7.4.629-8.el7_9.x86_64                    11/31
    minikube-cluster:   Verifying  : perl-File-Temp-0.23.01-3.el7.noarch                        12/31
    minikube-cluster:   Verifying  : 1:perl-Pod-Simple-3.28-4.el7.noarch                        13/31
    minikube-cluster:   Verifying  : perl-Time-Local-1.2300-2.el7.noarch                        14/31
    minikube-cluster:   Verifying  : 1:perl-Pod-Escapes-1.04-299.el7_9.noarch                   15/31
    minikube-cluster:   Verifying  : perl-Carp-1.26-244.el7.noarch                              16/31
    minikube-cluster:   Verifying  : 2:vim-common-7.4.629-8.el7_9.x86_64                        17/31
    minikube-cluster:   Verifying  : perl-Scalar-List-Utils-1.27-248.el7.x86_64                 18/31
    minikube-cluster:   Verifying  : perl-Pod-Usage-1.63-3.el7.noarch                           19/31
    minikube-cluster:   Verifying  : perl-Encode-2.51-7.el7.x86_64                              20/31
    minikube-cluster:   Verifying  : perl-Pod-Perldoc-3.20-4.el7.noarch                         21/31
    minikube-cluster:   Verifying  : perl-podlators-2.5.1-3.el7.noarch                          22/31
    minikube-cluster:   Verifying  : 4:perl-5.16.3-299.el7_9.x86_64                             23/31
    minikube-cluster:   Verifying  : perl-File-Path-2.09-2.el7.noarch                           24/31
    minikube-cluster:   Verifying  : perl-threads-1.87-4.el7.x86_64                             25/31
    minikube-cluster:   Verifying  : 4:perl-Time-HiRes-1.9725-3.el7.x86_64                      26/31
    minikube-cluster:   Verifying  : gpm-libs-1.20.7-6.el7.x86_64                               27/31
    minikube-cluster:   Verifying  : perl-Filter-1.49-3.el7.x86_64                              28/31
    minikube-cluster:   Verifying  : perl-Getopt-Long-2.40-3.el7.noarch                         29/31
    minikube-cluster:   Verifying  : perl-Text-ParseWords-3.29-4.el7.noarch                     30/31
    minikube-cluster:   Verifying  : 4:perl-libs-5.16.3-299.el7_9.x86_64                        31/31
    minikube-cluster: 
    minikube-cluster: Installed:
    minikube-cluster:   vim-enhanced.x86_64 2:7.4.629-8.el7_9
    minikube-cluster: 
    minikube-cluster: Dependency Installed:
    minikube-cluster:   gpm-libs.x86_64 0:1.20.7-6.el7
    minikube-cluster:   perl.x86_64 4:5.16.3-299.el7_9
    minikube-cluster:   perl-Carp.noarch 0:1.26-244.el7
    minikube-cluster:   perl-Encode.x86_64 0:2.51-7.el7
    minikube-cluster:   perl-Exporter.noarch 0:5.68-3.el7
    minikube-cluster:   perl-File-Path.noarch 0:2.09-2.el7
    minikube-cluster:   perl-File-Temp.noarch 0:0.23.01-3.el7
    minikube-cluster:   perl-Filter.x86_64 0:1.49-3.el7
    minikube-cluster:   perl-Getopt-Long.noarch 0:2.40-3.el7
    minikube-cluster:   perl-HTTP-Tiny.noarch 0:0.033-3.el7
    minikube-cluster:   perl-PathTools.x86_64 0:3.40-5.el7
    minikube-cluster:   perl-Pod-Escapes.noarch 1:1.04-299.el7_9
    minikube-cluster:   perl-Pod-Perldoc.noarch 0:3.20-4.el7
    minikube-cluster:   perl-Pod-Simple.noarch 1:3.28-4.el7
    minikube-cluster:   perl-Pod-Usage.noarch 0:1.63-3.el7
    minikube-cluster:   perl-Scalar-List-Utils.x86_64 0:1.27-248.el7
    minikube-cluster:   perl-Socket.x86_64 0:2.010-5.el7
    minikube-cluster:   perl-Storable.x86_64 0:2.45-3.el7
    minikube-cluster:   perl-Text-ParseWords.noarch 0:3.29-4.el7
    minikube-cluster:   perl-Time-HiRes.x86_64 4:1.9725-3.el7
    minikube-cluster:   perl-Time-Local.noarch 0:1.2300-2.el7
    minikube-cluster:   perl-constant.noarch 0:1.27-2.el7
    minikube-cluster:   perl-libs.x86_64 4:5.16.3-299.el7_9
    minikube-cluster:   perl-macros.x86_64 4:5.16.3-299.el7_9
    minikube-cluster:   perl-parent.noarch 1:0.225-244.el7
    minikube-cluster:   perl-podlators.noarch 0:2.5.1-3.el7
    minikube-cluster:   perl-threads.x86_64 0:1.87-4.el7
    minikube-cluster:   perl-threads-shared.x86_64 0:1.43-6.el7
    minikube-cluster:   vim-common.x86_64 2:7.4.629-8.el7_9
    minikube-cluster:   vim-filesystem.x86_64 2:7.4.629-8.el7_9
    minikube-cluster: 
    minikube-cluster: Complete!
    minikube-cluster: Loaded plugins: fastestmirror
    minikube-cluster: Loading mirror speeds from cached hostfile
    minikube-cluster:  * base: mirror.navercorp.com
    minikube-cluster:  * epel: mirror-jp.misakamikoto.network
    minikube-cluster:  * extras: mirror.navercorp.com
    minikube-cluster:  * updates: mirror.kakao.com
    minikube-cluster: Resolving Dependencies
    minikube-cluster: --> Running transaction check
    minikube-cluster: ---> Package git.x86_64 0:1.8.3.1-24.el7_9 will be installed
    minikube-cluster: --> Processing Dependency: perl-Git = 1.8.3.1-24.el7_9 for package: git-1.8.3.1-24.el7_9.x86_64
    minikube-cluster: --> Processing Dependency: rsync for package: git-1.8.3.1-24.el7_9.x86_64
    minikube-cluster: --> Processing Dependency: perl(Term::ReadKey) for package: git-1.8.3.1-24.el7_9.x86_64
    minikube-cluster: --> Processing Dependency: perl(Git) for package: git-1.8.3.1-24.el7_9.x86_64
    minikube-cluster: --> Processing Dependency: perl(Error) for package: git-1.8.3.1-24.el7_9.x86_64
    minikube-cluster: --> Running transaction check
    minikube-cluster: ---> Package perl-Error.noarch 1:0.17020-2.el7 will be installed
    minikube-cluster: ---> Package perl-Git.noarch 0:1.8.3.1-24.el7_9 will be installed
    minikube-cluster: ---> Package perl-TermReadKey.x86_64 0:2.30-20.el7 will be installed
    minikube-cluster: ---> Package rsync.x86_64 0:3.1.2-12.el7_9 will be installed
    minikube-cluster: --> Finished Dependency Resolution
    minikube-cluster: 
    minikube-cluster: Dependencies Resolved
    minikube-cluster: 
    minikube-cluster: ================================================================================
    minikube-cluster:  Package                Arch         Version                Repository     Size
    minikube-cluster: ================================================================================
    minikube-cluster: Installing:
    minikube-cluster:  git                    x86_64       1.8.3.1-24.el7_9       updates       4.4 M
    minikube-cluster: Installing for dependencies:
    minikube-cluster:  perl-Error             noarch       1:0.17020-2.el7        base           32 k
    minikube-cluster:  perl-Git               noarch       1.8.3.1-24.el7_9       updates        56 k
    minikube-cluster:  perl-TermReadKey       x86_64       2.30-20.el7            base           31 k
    minikube-cluster:  rsync                  x86_64       3.1.2-12.el7_9         updates       408 k
    minikube-cluster: 
    minikube-cluster: Transaction Summary
    minikube-cluster: ================================================================================
    minikube-cluster: Install  1 Package (+4 Dependent packages)
    minikube-cluster: 
    minikube-cluster: Total download size: 4.9 M
    minikube-cluster: Installed size: 23 M
    minikube-cluster: Downloading packages:
    minikube-cluster: --------------------------------------------------------------------------------
    minikube-cluster: Total                                              4.2 MB/s | 4.9 MB  00:01
    minikube-cluster: Running transaction check
    minikube-cluster: Running transaction test
    minikube-cluster: Transaction test succeeded
    minikube-cluster: Running transaction
    minikube-cluster:   Installing : 1:perl-Error-0.17020-2.el7.noarch                            1/5
    minikube-cluster:   Installing : rsync-3.1.2-12.el7_9.x86_64                                  2/5
    minikube-cluster:   Installing : perl-TermReadKey-2.30-20.el7.x86_64                          3/5
    minikube-cluster:   Installing : perl-Git-1.8.3.1-24.el7_9.noarch                             4/5
    minikube-cluster:   Installing : git-1.8.3.1-24.el7_9.x86_64                                  5/5
    minikube-cluster:   Verifying  : perl-TermReadKey-2.30-20.el7.x86_64                          1/5
    minikube-cluster:   Verifying  : 1:perl-Error-0.17020-2.el7.noarch                            2/5
    minikube-cluster:   Verifying  : perl-Git-1.8.3.1-24.el7_9.noarch                             3/5
    minikube-cluster:   Verifying  : git-1.8.3.1-24.el7_9.x86_64                                  4/5
    minikube-cluster:   Verifying  : rsync-3.1.2-12.el7_9.x86_64                                  5/5
    minikube-cluster: 
    minikube-cluster: Installed:
    minikube-cluster:   git.x86_64 0:1.8.3.1-24.el7_9
    minikube-cluster: 
    minikube-cluster: Dependency Installed:
    minikube-cluster:   perl-Error.noarch 1:0.17020-2.el7        perl-Git.noarch 0:1.8.3.1-24.el7_9
    minikube-cluster:   perl-TermReadKey.x86_64 0:2.30-20.el7    rsync.x86_64 0:3.1.2-12.el7_9
    minikube-cluster: 
    minikube-cluster: Complete!
==> minikube-cluster: Running provisioner: shell...
    minikube-cluster: Running: /var/folders/57/629sgzyn5wng9wyrwry2325m0000gn/T/vagrant-shell20230310-77891-1pihw7g.sh
    minikube-cluster: Loaded plugins: fastestmirror
    minikube-cluster: Loading mirror speeds from cached hostfile
    minikube-cluster:  * base: mirror.navercorp.com
    minikube-cluster:  * epel: mirror-jp.misakamikoto.network
    minikube-cluster:  * extras: mirror.navercorp.com
    minikube-cluster:  * updates: mirror.kakao.com
    minikube-cluster: Package yum-utils-1.1.31-54.el7_8.noarch already installed and latest version
    minikube-cluster: Nothing to do
    minikube-cluster: Loaded plugins: fastestmirror
    minikube-cluster: adding repo from: https://download.docker.com/linux/centos/docker-ce.repo
    minikube-cluster: grabbing file https://download.docker.com/linux/centos/docker-ce.repo to /etc/yum.repos.d/docker-ce.repo
    minikube-cluster: repo saved to /etc/yum.repos.d/docker-ce.repo
    minikube-cluster: Loaded plugins: fastestmirror
    minikube-cluster: Loading mirror speeds from cached hostfile
    minikube-cluster:  * base: mirror.navercorp.com
    minikube-cluster:  * epel: mirror-kr.misakamikoto.network
    minikube-cluster:  * extras: mirror.navercorp.com
    minikube-cluster:  * updates: mirror.kakao.com
    minikube-cluster: Resolving Dependencies
    minikube-cluster: --> Running transaction check
    minikube-cluster: ---> Package containerd.io.x86_64 0:1.6.7-3.1.el7 will be installed
    minikube-cluster: --> Processing Dependency: container-selinux >= 2:2.74 for package: containerd.io-1.6.7-3.1.el7.x86_64
    minikube-cluster: ---> Package docker-ce.x86_64 3:20.10.17-3.el7 will be installed
    minikube-cluster: --> Processing Dependency: docker-ce-rootless-extras for package: 3:docker-ce-20.10.17-3.el7.x86_64
    minikube-cluster: --> Processing Dependency: libcgroup for package: 3:docker-ce-20.10.17-3.el7.x86_64
    minikube-cluster: ---> Package docker-ce-cli.x86_64 1:20.10.17-3.el7 will be installed
    minikube-cluster: --> Processing Dependency: docker-scan-plugin(x86-64) for package: 1:docker-ce-cli-20.10.17-3.el7.x86_64
    minikube-cluster: --> Running transaction check
    minikube-cluster: ---> Package container-selinux.noarch 2:2.119.2-1.911c772.el7_8 will be installed
    minikube-cluster: --> Processing Dependency: policycoreutils-python for package: 2:container-selinux-2.119.2-1.911c772.el7_8.noarch
    minikube-cluster: ---> Package docker-ce-rootless-extras.x86_64 0:23.0.1-1.el7 will be installed
    minikube-cluster: --> Processing Dependency: fuse-overlayfs >= 0.7 for package: docker-ce-rootless-extras-23.0.1-1.el7.x86_64
    minikube-cluster: --> Processing Dependency: slirp4netns >= 0.4 for package: docker-ce-rootless-extras-23.0.1-1.el7.x86_64
    minikube-cluster: ---> Package docker-scan-plugin.x86_64 0:0.23.0-3.el7 will be installed
    minikube-cluster: ---> Package libcgroup.x86_64 0:0.41-21.el7 will be installed
    minikube-cluster: --> Running transaction check
    minikube-cluster: ---> Package fuse-overlayfs.x86_64 0:0.7.2-6.el7_8 will be installed
    minikube-cluster: --> Processing Dependency: libfuse3.so.3(FUSE_3.2)(64bit) for package: fuse-overlayfs-0.7.2-6.el7_8.x86_64
    minikube-cluster: --> Processing Dependency: libfuse3.so.3(FUSE_3.0)(64bit) for package: fuse-overlayfs-0.7.2-6.el7_8.x86_64
    minikube-cluster: --> Processing Dependency: libfuse3.so.3()(64bit) for package: fuse-overlayfs-0.7.2-6.el7_8.x86_64
    minikube-cluster: ---> Package policycoreutils-python.x86_64 0:2.5-34.el7 will be installed
    minikube-cluster: --> Processing Dependency: setools-libs >= 3.3.8-4 for package: policycoreutils-python-2.5-34.el7.x86_64
    minikube-cluster: --> Processing Dependency: libsemanage-python >= 2.5-14 for package: policycoreutils-python-2.5-34.el7.x86_64
    minikube-cluster: --> Processing Dependency: audit-libs-python >= 2.1.3-4 for package: policycoreutils-python-2.5-34.el7.x86_64
    minikube-cluster: --> Processing Dependency: python-IPy for package: policycoreutils-python-2.5-34.el7.x86_64
    minikube-cluster: --> Processing Dependency: libqpol.so.1(VERS_1.4)(64bit) for package: policycoreutils-python-2.5-34.el7.x86_64
    minikube-cluster: --> Processing Dependency: libqpol.so.1(VERS_1.2)(64bit) for package: policycoreutils-python-2.5-34.el7.x86_64
    minikube-cluster: --> Processing Dependency: libapol.so.4(VERS_4.0)(64bit) for package: policycoreutils-python-2.5-34.el7.x86_64
    minikube-cluster: --> Processing Dependency: checkpolicy for package: policycoreutils-python-2.5-34.el7.x86_64
    minikube-cluster: --> Processing Dependency: libqpol.so.1()(64bit) for package: policycoreutils-python-2.5-34.el7.x86_64
    minikube-cluster: --> Processing Dependency: libapol.so.4()(64bit) for package: policycoreutils-python-2.5-34.el7.x86_64
    minikube-cluster: ---> Package slirp4netns.x86_64 0:0.4.3-4.el7_8 will be installed
    minikube-cluster: --> Running transaction check
    minikube-cluster: ---> Package audit-libs-python.x86_64 0:2.8.5-4.el7 will be installed
    minikube-cluster: ---> Package checkpolicy.x86_64 0:2.5-8.el7 will be installed
    minikube-cluster: ---> Package fuse3-libs.x86_64 0:3.6.1-4.el7 will be installed
    minikube-cluster: ---> Package libsemanage-python.x86_64 0:2.5-14.el7 will be installed
    minikube-cluster: ---> Package python-IPy.noarch 0:0.75-6.el7 will be installed
    minikube-cluster: ---> Package setools-libs.x86_64 0:3.3.8-4.el7 will be installed
    minikube-cluster: --> Finished Dependency Resolution
    minikube-cluster: 
    minikube-cluster: Dependencies Resolved
    minikube-cluster: 
    minikube-cluster: ================================================================================
    minikube-cluster:  Package                Arch   Version                   Repository        Size
    minikube-cluster: ================================================================================
    minikube-cluster: Installing:
    minikube-cluster:  containerd.io          x86_64 1.6.7-3.1.el7             docker-ce-stable  33 M
    minikube-cluster:  docker-ce              x86_64 3:20.10.17-3.el7          docker-ce-stable  22 M
    minikube-cluster:  docker-ce-cli          x86_64 1:20.10.17-3.el7          docker-ce-stable  29 M
    minikube-cluster: Installing for dependencies:
    minikube-cluster:  audit-libs-python      x86_64 2.8.5-4.el7               base              76 k
    minikube-cluster:  checkpolicy            x86_64 2.5-8.el7                 base             295 k
    minikube-cluster:  container-selinux      noarch 2:2.119.2-1.911c772.el7_8 extras            40 k
    minikube-cluster:  docker-ce-rootless-extras
    minikube-cluster:                         x86_64 23.0.1-1.el7              docker-ce-stable 8.8 M
    minikube-cluster:  docker-scan-plugin     x86_64 0.23.0-3.el7              docker-ce-stable 3.8 M
    minikube-cluster:  fuse-overlayfs         x86_64 0.7.2-6.el7_8             extras            54 k
    minikube-cluster:  fuse3-libs             x86_64 3.6.1-4.el7               extras            82 k
    minikube-cluster:  libcgroup              x86_64 0.41-21.el7               base              66 k
    minikube-cluster:  libsemanage-python     x86_64 2.5-14.el7                base             113 k
    minikube-cluster:  policycoreutils-python x86_64 2.5-34.el7                base             457 k
    minikube-cluster:  python-IPy             noarch 0.75-6.el7                base              32 k
    minikube-cluster:  setools-libs           x86_64 3.3.8-4.el7               base             620 k
    minikube-cluster:  slirp4netns            x86_64 0.4.3-4.el7_8             extras            81 k
    minikube-cluster: 
    minikube-cluster: Transaction Summary
    minikube-cluster: ================================================================================
    minikube-cluster: Install  3 Packages (+13 Dependent packages)
    minikube-cluster: 
    minikube-cluster: Total download size: 99 M
    minikube-cluster: Installed size: 397 M
    minikube-cluster: Downloading packages:
    minikube-cluster: warning: /var/cache/yum/x86_64/7/docker-ce-stable/packages/containerd.io-1.6.7-3.1.el7.x86_64.rpm: Header V4 RSA/SHA512 Signature, key ID 621e9f35: NOKEY
    minikube-cluster: Public key for containerd.io-1.6.7-3.1.el7.x86_64.rpm is not installed
    minikube-cluster: --------------------------------------------------------------------------------
    minikube-cluster: Total                                               11 MB/s |  99 MB  00:09
    minikube-cluster: Retrieving key from https://download.docker.com/linux/centos/gpg
    minikube-cluster: Importing GPG key 0x621E9F35:
    minikube-cluster:  Userid     : "Docker Release (CE rpm) <docker@docker.com>"
    minikube-cluster:  Fingerprint: 060a 61c5 1b55 8a7f 742b 77aa c52f eb6b 621e 9f35
    minikube-cluster:  From       : https://download.docker.com/linux/centos/gpg
    minikube-cluster: Running transaction check
    minikube-cluster: Running transaction test
    minikube-cluster: Transaction test succeeded
    minikube-cluster: Running transaction
    minikube-cluster:   Installing : libcgroup-0.41-21.el7.x86_64                                1/16
    minikube-cluster:   Installing : setools-libs-3.3.8-4.el7.x86_64                             2/16
    minikube-cluster:   Installing : audit-libs-python-2.8.5-4.el7.x86_64                        3/16
    minikube-cluster:   Installing : fuse3-libs-3.6.1-4.el7.x86_64                               4/16
    minikube-cluster:   Installing : fuse-overlayfs-0.7.2-6.el7_8.x86_64                         5/16
    minikube-cluster:   Installing : checkpolicy-2.5-8.el7.x86_64                                6/16
    minikube-cluster:   Installing : slirp4netns-0.4.3-4.el7_8.x86_64                            7/16
    minikube-cluster:   Installing : python-IPy-0.75-6.el7.noarch                                8/16
    minikube-cluster:   Installing : docker-scan-plugin-0.23.0-3.el7.x86_64                      9/16
    minikube-cluster:   Installing : 1:docker-ce-cli-20.10.17-3.el7.x86_64                      10/16
    minikube-cluster:   Installing : libsemanage-python-2.5-14.el7.x86_64                       11/16
    minikube-cluster:   Installing : policycoreutils-python-2.5-34.el7.x86_64                   12/16
    minikube-cluster:   Installing : 2:container-selinux-2.119.2-1.911c772.el7_8.noarch         13/16
    minikube-cluster:   Installing : containerd.io-1.6.7-3.1.el7.x86_64                         14/16
    minikube-cluster:   Installing : docker-ce-rootless-extras-23.0.1-1.el7.x86_64              15/16
    minikube-cluster:   Installing : 3:docker-ce-20.10.17-3.el7.x86_64                          16/16
    minikube-cluster:   Verifying  : libsemanage-python-2.5-14.el7.x86_64                        1/16
    minikube-cluster:   Verifying  : docker-scan-plugin-0.23.0-3.el7.x86_64                      2/16
    minikube-cluster:   Verifying  : python-IPy-0.75-6.el7.noarch                                3/16
    minikube-cluster:   Verifying  : fuse-overlayfs-0.7.2-6.el7_8.x86_64                         4/16
    minikube-cluster:   Verifying  : policycoreutils-python-2.5-34.el7.x86_64                    5/16
    minikube-cluster:   Verifying  : 1:docker-ce-cli-20.10.17-3.el7.x86_64                       6/16
    minikube-cluster:   Verifying  : containerd.io-1.6.7-3.1.el7.x86_64                          7/16
    minikube-cluster:   Verifying  : slirp4netns-0.4.3-4.el7_8.x86_64                            8/16
    minikube-cluster:   Verifying  : 2:container-selinux-2.119.2-1.911c772.el7_8.noarch          9/16
    minikube-cluster:   Verifying  : docker-ce-rootless-extras-23.0.1-1.el7.x86_64              10/16
    minikube-cluster:   Verifying  : checkpolicy-2.5-8.el7.x86_64                               11/16
    minikube-cluster:   Verifying  : 3:docker-ce-20.10.17-3.el7.x86_64                          12/16
    minikube-cluster:   Verifying  : fuse3-libs-3.6.1-4.el7.x86_64                              13/16
    minikube-cluster:   Verifying  : audit-libs-python-2.8.5-4.el7.x86_64                       14/16
    minikube-cluster:   Verifying  : setools-libs-3.3.8-4.el7.x86_64                            15/16
    minikube-cluster:   Verifying  : libcgroup-0.41-21.el7.x86_64                               16/16
    minikube-cluster: 
    minikube-cluster: Installed:
    minikube-cluster:   containerd.io.x86_64 0:1.6.7-3.1.el7     docker-ce.x86_64 3:20.10.17-3.el7
    minikube-cluster:   docker-ce-cli.x86_64 1:20.10.17-3.el7
    minikube-cluster: 
    minikube-cluster: Dependency Installed:
    minikube-cluster:   audit-libs-python.x86_64 0:2.8.5-4.el7
    minikube-cluster:   checkpolicy.x86_64 0:2.5-8.el7
    minikube-cluster:   container-selinux.noarch 2:2.119.2-1.911c772.el7_8
    minikube-cluster:   docker-ce-rootless-extras.x86_64 0:23.0.1-1.el7
    minikube-cluster:   docker-scan-plugin.x86_64 0:0.23.0-3.el7
    minikube-cluster:   fuse-overlayfs.x86_64 0:0.7.2-6.el7_8
    minikube-cluster:   fuse3-libs.x86_64 0:3.6.1-4.el7
    minikube-cluster:   libcgroup.x86_64 0:0.41-21.el7
    minikube-cluster:   libsemanage-python.x86_64 0:2.5-14.el7
    minikube-cluster:   policycoreutils-python.x86_64 0:2.5-34.el7
    minikube-cluster:   python-IPy.noarch 0:0.75-6.el7
    minikube-cluster:   setools-libs.x86_64 0:3.3.8-4.el7
    minikube-cluster:   slirp4netns.x86_64 0:0.4.3-4.el7_8
    minikube-cluster: 
    minikube-cluster: Complete!
    minikube-cluster: Created symlink from /etc/systemd/system/multi-user.target.wants/docker.service to /usr/lib/systemd/system/docker.service.
    minikube-cluster: Loaded plugins: fastestmirror
    minikube-cluster: Loading mirror speeds from cached hostfile
    minikube-cluster:  * base: mirror.navercorp.com
    minikube-cluster:  * epel: ftp.riken.jp
    minikube-cluster:  * extras: mirror.navercorp.com
    minikube-cluster:  * updates: mirror.kakao.com
    minikube-cluster: Resolving Dependencies
    minikube-cluster: --> Running transaction check
    minikube-cluster: ---> Package kubectl.x86_64 0:1.23.6-0 will be installed
    minikube-cluster: --> Finished Dependency Resolution
    minikube-cluster: 
    minikube-cluster: Dependencies Resolved
    minikube-cluster: 
    minikube-cluster: ================================================================================
    minikube-cluster:  Package          Arch            Version             Repository           Size
    minikube-cluster: ================================================================================
    minikube-cluster: Installing:
    minikube-cluster:  kubectl          x86_64          1.23.6-0            kubernetes          9.5 M
    minikube-cluster: 
    minikube-cluster: Transaction Summary
    minikube-cluster: ================================================================================
    minikube-cluster: Install  1 Package
    minikube-cluster: 
    minikube-cluster: Total download size: 9.5 M
    minikube-cluster: Installed size: 44 M
    minikube-cluster: Downloading packages:
    minikube-cluster: Running transaction check
    minikube-cluster: Running transaction test
    minikube-cluster: Transaction test succeeded
    minikube-cluster: Running transaction
    minikube-cluster:   Installing : kubectl-1.23.6-0.x86_64                                      1/1
    minikube-cluster:   Verifying  : kubectl-1.23.6-0.x86_64                                      1/1
    minikube-cluster: 
    minikube-cluster: Installed:
    minikube-cluster:   kubectl.x86_64 0:1.23.6-0
    minikube-cluster: 
    minikube-cluster: Complete!
    minikube-cluster: Loaded plugins: fastestmirror
    minikube-cluster: Loading mirror speeds from cached hostfile
    minikube-cluster:  * base: mirror.navercorp.com
    minikube-cluster:  * epel: ftp.riken.jp
    minikube-cluster:  * extras: mirror.navercorp.com
    minikube-cluster:  * updates: mirror.kakao.com
    minikube-cluster: Resolving Dependencies
    minikube-cluster: --> Running transaction check
    minikube-cluster: ---> Package bash-completion.noarch 1:2.1-8.el7 will be installed
    minikube-cluster: --> Finished Dependency Resolution
    minikube-cluster: 
    minikube-cluster: Dependencies Resolved
    minikube-cluster: 
    minikube-cluster: ================================================================================
    minikube-cluster:  Package                 Arch           Version              Repository    Size
    minikube-cluster: ================================================================================
    minikube-cluster: Installing:
    minikube-cluster:  bash-completion         noarch         1:2.1-8.el7          base          87 k
    minikube-cluster: 
    minikube-cluster: Transaction Summary
    minikube-cluster: ================================================================================
    minikube-cluster: Install  1 Package
    minikube-cluster: 
    minikube-cluster: Total download size: 87 k
    minikube-cluster: Installed size: 263 k
    minikube-cluster: Downloading packages:
    minikube-cluster: Running transaction check
    minikube-cluster: Running transaction test
    minikube-cluster: Transaction test succeeded
    minikube-cluster: Running transaction
    minikube-cluster:   Installing : 1:bash-completion-2.1-8.el7.noarch                           1/1
    minikube-cluster:   Verifying  : 1:bash-completion-2.1-8.el7.noarch                           1/1
    minikube-cluster: 
    minikube-cluster: Installed:
    minikube-cluster:   bash-completion.noarch 1:2.1-8.el7
    minikube-cluster: 
    minikube-cluster: Complete!
    minikube-cluster:   % Total    % Received % Xferd  Average Speed   Time    Time     Time  Current
    minikube-cluster:                                  Dload  Upload   Total   Spent    Left  Speed
    minikube-cluster:   0     0    0     0    0     0      0      0 --:--:-- --:--:-- --:--:--     0  0     0    0     0    0     0      0      0 --:--:-- --:--:-- --:--:--     0 10 69.2M   10 7434k    0     0  6822k      0  0:00:10  0:00:01  0:00:09 6821k 32 69.2M   32 22.7M    0     0  10.9M      0  0:00:06  0:00:02  0:00:04 10.9M 54 69.2M   54 37.5M    0     0  12.1M      0  0:00:05  0:00:03  0:00:02 12.1M 74 69.2M   74 51.7M    0     0  12.5M      0  0:00:05  0:00:04  0:00:01 12.5M 97 69.2M   97 67.2M    0     0  13.2M      0  0:00:05  0:00:05 --:--:-- 13.6M100 69.2M  100 69.2M    0     0  13.2M      0  0:00:05  0:00:05 --:--:-- 15.0M
    minikube-cluster: Loaded plugins: fastestmirror
    minikube-cluster: Loading mirror speeds from cached hostfile
    minikube-cluster:  * base: mirror.navercorp.com
    minikube-cluster:  * epel: mirror-jp.misakamikoto.network
    minikube-cluster:  * extras: mirror.navercorp.com
    minikube-cluster:  * updates: mirror.kakao.com
    minikube-cluster: Resolving Dependencies
    minikube-cluster: --> Running transaction check
    minikube-cluster: ---> Package conntrack-tools.x86_64 0:1.4.4-7.el7 will be installed
    minikube-cluster: --> Processing Dependency: libnetfilter_cttimeout.so.1(LIBNETFILTER_CTTIMEOUT_1.1)(64bit) for package: conntrack-tools-1.4.4-7.el7.x86_64
    minikube-cluster: --> Processing Dependency: libnetfilter_cttimeout.so.1(LIBNETFILTER_CTTIMEOUT_1.0)(64bit) for package: conntrack-tools-1.4.4-7.el7.x86_64
    minikube-cluster: --> Processing Dependency: libnetfilter_cthelper.so.0(LIBNETFILTER_CTHELPER_1.0)(64bit) for package: conntrack-tools-1.4.4-7.el7.x86_64
    minikube-cluster: --> Processing Dependency: libnetfilter_queue.so.1()(64bit) for package: conntrack-tools-1.4.4-7.el7.x86_64
    minikube-cluster: --> Processing Dependency: libnetfilter_cttimeout.so.1()(64bit) for package: conntrack-tools-1.4.4-7.el7.x86_64
    minikube-cluster: --> Processing Dependency: libnetfilter_cthelper.so.0()(64bit) for package: conntrack-tools-1.4.4-7.el7.x86_64
    minikube-cluster: --> Running transaction check
    minikube-cluster: ---> Package libnetfilter_cthelper.x86_64 0:1.0.0-11.el7 will be installed
    minikube-cluster: ---> Package libnetfilter_cttimeout.x86_64 0:1.0.0-7.el7 will be installed
    minikube-cluster: ---> Package libnetfilter_queue.x86_64 0:1.0.2-2.el7_2 will be installed
    minikube-cluster: --> Finished Dependency Resolution
    minikube-cluster: 
    minikube-cluster: Dependencies Resolved
    minikube-cluster: 
    minikube-cluster: ================================================================================
    minikube-cluster:  Package                      Arch         Version             Repository  Size
    minikube-cluster: ================================================================================
    minikube-cluster: Installing:
    minikube-cluster:  conntrack-tools              x86_64       1.4.4-7.el7         base       187 k
    minikube-cluster: Installing for dependencies:
    minikube-cluster:  libnetfilter_cthelper        x86_64       1.0.0-11.el7        base        18 k
    minikube-cluster:  libnetfilter_cttimeout       x86_64       1.0.0-7.el7         base        18 k
    minikube-cluster:  libnetfilter_queue           x86_64       1.0.2-2.el7_2       base        23 k
    minikube-cluster: 
    minikube-cluster: Transaction Summary
    minikube-cluster: ================================================================================
    minikube-cluster: Install  1 Package (+3 Dependent packages)
    minikube-cluster: 
    minikube-cluster: Total download size: 245 k
    minikube-cluster: Installed size: 668 k
    minikube-cluster: Downloading packages:
    minikube-cluster: --------------------------------------------------------------------------------
    minikube-cluster: Total                                              622 kB/s | 245 kB  00:00
    minikube-cluster: Running transaction check
    minikube-cluster: Running transaction test
    minikube-cluster: Transaction test succeeded
    minikube-cluster: Running transaction
    minikube-cluster:   Installing : libnetfilter_queue-1.0.2-2.el7_2.x86_64                      1/4
    minikube-cluster:   Installing : libnetfilter_cthelper-1.0.0-11.el7.x86_64                    2/4
    minikube-cluster:   Installing : libnetfilter_cttimeout-1.0.0-7.el7.x86_64                    3/4
    minikube-cluster:   Installing : conntrack-tools-1.4.4-7.el7.x86_64                           4/4
    minikube-cluster:   Verifying  : libnetfilter_cttimeout-1.0.0-7.el7.x86_64                    1/4
    minikube-cluster:   Verifying  : libnetfilter_cthelper-1.0.0-11.el7.x86_64                    2/4
    minikube-cluster:   Verifying  : conntrack-tools-1.4.4-7.el7.x86_64                           3/4
    minikube-cluster:   Verifying  : libnetfilter_queue-1.0.2-2.el7_2.x86_64                      4/4
    minikube-cluster: 
    minikube-cluster: Installed:
    minikube-cluster:   conntrack-tools.x86_64 0:1.4.4-7.el7
    minikube-cluster: 
    minikube-cluster: Dependency Installed:
    minikube-cluster:   libnetfilter_cthelper.x86_64 0:1.0.0-11.el7
    minikube-cluster:   libnetfilter_cttimeout.x86_64 0:1.0.0-7.el7
    minikube-cluster:   libnetfilter_queue.x86_64 0:1.0.2-2.el7_2
    minikube-cluster: 
    minikube-cluster: Complete!
    minikube-cluster: * minikube v1.25.2 on Centos 7.8.2003
    minikube-cluster: ! minikube skips various validations when --force is supplied; this may lead to unexpected behavior
    minikube-cluster: * Using the docker driver based on user configuration
    minikube-cluster: * The "docker" driver should not be used with root privileges.
    minikube-cluster: * If you are running minikube within a VM, consider using --driver=none:
    minikube-cluster: *   https://minikube.sigs.k8s.io/docs/reference/drivers/none/
    minikube-cluster: * minikube 1.29.0 is available! Download it: https://github.com/kubernetes/minikube/releases/tag/v1.29.0
    minikube-cluster: * To disable this notice, run: 'minikube config set WantUpdateNotification false'
    minikube-cluster: 
    minikube-cluster: * Starting control plane node minikube in cluster minikube
    minikube-cluster: * Pulling base image ...
    minikube-cluster: * Downloading Kubernetes v1.23.3 preload ...
    minikube-cluster:     > gcr.io/k8s-minikube/kicbase: 0 B [___________________________] ?% ? p/s ?    > gcr.io/k8s-minikube/kicbase: 0 B [___________________________] ?% ? p/s ?    > gcr.io/k8s-minikube/kicbase: 27.17 KiB / 379.06 MiB [>____] 0.01% ? p/s ?    > gcr.io/k8s-minikube/kicbase: 27.17 KiB / 379.06 MiB  0.01% 45.29 KiB p/s     > gcr.io/k8s-minikube/kicbase: 27.17 KiB / 379.06 MiB  0.01% 45.29 KiB p/s     > gcr.io/k8s-minikube/kicbase: 27.17 KiB / 379.06 MiB  0.01% 45.29 KiB p/s     > gcr.io/k8s-minikube/kicbase: 27.17 KiB / 379.06 MiB  0.01% 42.37 KiB p/s     > gcr.io/k8s-minikube/kicbase: 27.17 KiB / 379.06 MiB  0.01% 42.37 KiB p/s     > gcr.io/k8s-minikube/kicbase: 27.17 KiB / 379.06 MiB  0.01% 42.37 KiB p/s     > gcr.io/k8s-minikube/kicbase: 186.84 KiB / 379.06 MiB  0.05% 56.78 KiB p/s    > gcr.io/k8s-minikube/kicbase: 602.84 KiB / 379.06 MiB  0.16% 56.78 KiB p/s    > gcr.io/k8s-minikube/kicbase: 1.02 MiB / 379.06 MiB  0.27% 56.78 KiB p/s E    > gcr.io/k8s-minikube/kicbase: 1.56 MiB / 379.06 MiB  0.41% 204.67 KiB p/s     > gcr.io/k8s-minikube/kicbase: 2.07 MiB / 379.06 MiB  0.55% 204.67 KiB p/s     > gcr.io/k8s-minikube/kicbase: 2.62 MiB / 379.06 MiB  0.69% 204.67 KiB p/s     > gcr.io/k8s-minikube/kicbase: 3.25 MiB / 379.06 MiB  0.86% 378.13 KiB p/s     > gcr.io/k8s-minikube/kicbase: 3.82 MiB / 379.06 MiB  1.01% 378.13 KiB p/s     > gcr.io/k8s-minikube/kicbase: 4.36 MiB / 379.06 MiB  1.15% 378.13 KiB p/s     > gcr.io/k8s-minikube/kicbase: 4.83 MiB / 379.06 MiB  1.27% 527.53 KiB p/s     > gcr.io/k8s-minikube/kicbase: 5.34 MiB / 379.06 MiB  1.41% 527.53 KiB p/s     > gcr.io/k8s-minikube/kicbase: 5.92 MiB / 379.06 MiB  1.56% 527.53 KiB p/s     > gcr.io/k8s-minikube/kicbase: 6.52 MiB / 379.06 MiB  1.72% 679.40 KiB p/s     > gcr.io/k8s-minikube/kicbase: 6.95 MiB / 379.06 MiB  1.83% 679.40 KiB p/s     > gcr.io/k8s-minikube/kicbase: 7.47 MiB / 379.06 MiB  1.97% 679.40 KiB p/s     > gcr.io/k8s-minikube/kicbase: 7.99 MiB / 379.06 MiB  2.11% 797.26 KiB p/s     > gcr.io/k8s-minikube/kicbase: 8.42 MiB / 379.06 MiB  2.22% 797.26 KiB p/s     > gcr.io/k8s-minikube/kicbase: 9.31 MiB / 379.06 MiB  2.46% 797.26 KiB p/s     > gcr.io/k8s-minikube/kicbase: 10.24 MiB / 379.06 MiB  2.70% 994.16 KiB p/s    > gcr.io/k8s-minikube/kicbase: 11.23 MiB / 379.06 MiB  2.96% 994.16 KiB p/s    > gcr.io/k8s-minikube/kicbase: 12.35 MiB / 379.06 MiB  3.26% 994.16 KiB p/s    > gcr.io/k8s-minikube/kicbase: 13.12 MiB / 379.06 MiB  3.46% 1.22 MiB p/s E    > gcr.io/k8s-minikube/kicbase: 14.03 MiB / 379.06 MiB  3.70% 1.22 MiB p/s E    > gcr.io/k8s-minikube/kicbase: 14.93 MiB / 379.06 MiB  3.94% 1.22 MiB p/s E    > gcr.io/k8s-minikube/kicbase: 15.66 MiB / 379.06 MiB  4.13% 1.41 MiB p/s E    > gcr.io/k8s-minikube/kicbase: 16.66 MiB / 379.06 MiB  4.40% 1.41 MiB p/s E    > gcr.io/k8s-minikube/kicbase: 17.50 MiB / 379.06 MiB  4.62% 1.41 MiB p/s E    > gcr.io/k8s-minikube/kicbase: 18.44 MiB / 379.06 MiB  4.86% 1.62 MiB p/s E    > gcr.io/k8s-minikube/kicbase: 19.25 MiB / 379.06 MiB  5.08% 1.62 MiB p/s E    > gcr.io/k8s-minikube/kicbase: 20.20 MiB / 379.06 MiB  5.33% 1.62 MiB p/s E    > gcr.io/k8s-minikube/kicbase: 20.39 MiB / 379.06 MiB  5.38% 1.73 MiB p/s E    > gcr.io/k8s-minikube/kicbase: 21.50 MiB / 379.06 MiB  5.67% 1.73 MiB p/s E    > gcr.io/k8s-minikube/kicbase: 22.41 MiB / 379.06 MiB  5.91% 1.73 MiB p/s E    > gcr.io/k8s-minikube/kicbase: 23.28 MiB / 379.06 MiB  6.14% 1.92 MiB p/s E    > gcr.io/k8s-minikube/kicbase: 24.31 MiB / 379.06 MiB  6.41% 1.92 MiB p/s E    > gcr.io/k8s-minikube/kicbase: 25.34 MiB / 379.06 MiB  6.68% 1.92 MiB p/s E    > gcr.io/k8s-minikube/kicbase: 26.31 MiB / 379.06 MiB  6.94% 2.13 MiB p/s E    > gcr.io/k8s-minikube/kicbase: 27.27 MiB / 379.06 MiB  7.19% 2.13 MiB p/s E    > gcr.io/k8s-minikube/kicbase: 27.27 MiB / 379.06 MiB  7.19% 2.13 MiB p/s E    > gcr.io/k8s-minikube/kicbase: 27.27 MiB / 379.06 MiB  7.20% 2.09 MiB p/s E    > gcr.io/k8s-minikube/kicbase: 27.27 MiB / 379.06 MiB  7.20% 2.09 MiB p/s E    > gcr.io/k8s-minikube/kicbase: 27.28 MiB / 379.06 MiB  7.20% 2.09 MiB p/s E    > gcr.io/k8s-minikube/kicbase: 27.28 MiB / 379.06 MiB  7.20% 1.96 MiB p/s E    > gcr.io/k8s-minikube/kicbase: 27.28 MiB / 379.06 MiB  7.20% 1.96 MiB p/s E    > gcr.io/k8s-minikube/kicbase: 27.28 MiB / 379.06 MiB  7.20% 1.96 MiB p/s E    > gcr.io/k8s-minikube/kicbase: 27.28 MiB / 379.06 MiB  7.20% 1.83 MiB p/s E    > gcr.io/k8s-minikube/kicbase: 27.28 MiB / 379.06 MiB  7.20% 1.83 MiB p/s E    > gcr.io/k8s-minikube/kicbase: 27.28 MiB / 379.06 MiB  7.20% 1.83 MiB p/s E    > gcr.io/k8s-minikube/kicbase: 27.28 MiB / 379.06 MiB  7.20% 1.71 MiB p/s E    > gcr.io/k8s-minikube/kicbase: 27.28 MiB / 379.06 MiB  7.20% 1.71 MiB p/s E    > gcr.io/k8s-minikube/kicbase: 27.28 MiB / 379.06 MiB  7.20% 1.71 MiB p/s E    > gcr.io/k8s-minikube/kicbase: 27.28 MiB / 379.06 MiB  7.20% 1.60 MiB p/s E    > gcr.io/k8s-minikube/kicbase: 27.29 MiB / 379.06 MiB  7.20% 1.60 MiB p/s E    > gcr.io/k8s-minikube/kicbase: 27.29 MiB / 379.06 MiB  7.20% 1.60 MiB p/s E    > gcr.io/k8s-minikube/kicbase: 27.29 MiB / 379.06 MiB  7.20% 1.50 MiB p/s E
    minikube-cluster:     > gcr.io/k8s-minikube/kicbase: 27.29 MiB / 379.06 MiB  7.20% 1.50 MiB p/s E    > gcr.io/k8s-minikube/kicbase: 27.29 MiB / 379.06 MiB  7.20% 1.50 MiB p/s E    > gcr.io/k8s-minikube/kicbase: 27.29 MiB / 379.06 MiB  7.20% 1.40 MiB p/s E    > gcr.io/k8s-minikube/kicbase: 27.57 MiB / 379.06 MiB  7.27% 1.40 MiB p/s E    > gcr.io/k8s-minikube/kicbase: 28.62 MiB / 379.06 MiB  7.55% 1.40 MiB p/s E    > gcr.io/k8s-minikube/kicbase: 29.15 MiB / 379.06 MiB  7.69% 1.51 MiB p/s E    > gcr.io/k8s-minikube/kicbase: 30.06 MiB / 379.06 MiB  7.93% 1.51 MiB p/s E    > gcr.io/k8s-minikube/kicbase: 30.74 MiB / 379.06 MiB  8.11% 1.51 MiB p/s E    > gcr.io/k8s-minikube/kicbase: 31.59 MiB / 379.06 MiB  8.33% 1.68 MiB p/s E    > gcr.io/k8s-minikube/kicbase: 32.45 MiB / 379.06 MiB  8.56% 1.68 MiB p/s E    > gcr.io/k8s-minikube/kicbase: 33.11 MiB / 379.06 MiB  8.73% 1.68 MiB p/s E    > gcr.io/k8s-minikube/kicbase: 33.86 MiB / 379.06 MiB  8.93% 1.81 MiB p/s E    > gcr.io/k8s-minikube/kicbase: 34.74 MiB / 379.06 MiB  9.16% 1.81 MiB p/s E    > gcr.io/k8s-minikube/kicbase: 35.52 MiB / 379.06 MiB  9.37% 1.81 MiB p/s E    > gcr.io/k8s-minikube/kicbase: 35.74 MiB / 379.06 MiB  9.43% 1.90 MiB p/s E    > gcr.io/k8s-minikube/kicbase: 36.46 MiB / 379.06 MiB  9.62% 1.90 MiB p/s E    > gcr.io/k8s-minikube/kicbase: 37.57 MiB / 379.06 MiB  9.91% 1.90 MiB p/s E    > gcr.io/k8s-minikube/kicbase: 38.44 MiB / 379.06 MiB  10.14% 2.07 MiB p/s     > gcr.io/k8s-minikube/kicbase: 39.22 MiB / 379.06 MiB  10.35% 2.07 MiB p/s     > gcr.io/k8s-minikube/kicbase: 40.14 MiB / 379.06 MiB  10.59% 2.07 MiB p/s     > gcr.io/k8s-minikube/kicbase: 40.97 MiB / 379.06 MiB  10.81% 2.21 MiB p/s     > gcr.io/k8s-minikube/kicbase: 42.05 MiB / 379.06 MiB  11.09% 2.21 MiB p/s     > gcr.io/k8s-minikube/kicbase: 43.05 MiB / 379.06 MiB  11.36% 2.21 MiB p/s     > gcr.io/k8s-minikube/kicbase: 44.18 MiB / 379.06 MiB  11.66% 2.41 MiB p/s     > gcr.io/k8s-minikube/kicbase: 45.21 MiB / 379.06 MiB  11.93% 2.41 MiB p/s     > gcr.io/k8s-minikube/kicbase: 46.22 MiB / 379.06 MiB  12.19% 2.41 MiB p/s     > gcr.io/k8s-minikube/kicbase: 47.08 MiB / 379.06 MiB  12.42% 2.56 MiB p/s     > gcr.io/k8s-minikube/kicbase: 48.10 MiB / 379.06 MiB  12.69% 2.56 MiB p/s     > gcr.io/k8s-minikube/kicbase: 48.98 MiB / 379.06 MiB  12.92% 2.56 MiB p/s     > gcr.io/k8s-minikube/kicbase: 49.34 MiB / 379.06 MiB  13.02% 2.64 MiB p/s     > gcr.io/k8s-minikube/kicbase: 49.34 MiB / 379.06 MiB  13.02% 2.64 MiB p/s     > gcr.io/k8s-minikube/kicbase: 49.34 MiB / 379.06 MiB  13.02% 2.64 MiB p/s     > gcr.io/k8s-minikube/kicbase: 49.34 MiB / 379.06 MiB  13.02% 2.47 MiB p/s     > gcr.io/k8s-minikube/kicbase: 49.34 MiB / 379.06 MiB  13.02% 2.47 MiB p/s     > gcr.io/k8s-minikube/kicbase: 49.34 MiB / 379.06 MiB  13.02% 2.47 MiB p/s     > gcr.io/k8s-minikube/kicbase: 50.11 MiB / 379.06 MiB  13.22% 2.40 MiB p/s     > gcr.io/k8s-minikube/kicbase: 50.80 MiB / 379.06 MiB  13.40% 2.40 MiB p/s     > gcr.io/k8s-minikube/kicbase: 51.61 MiB / 379.06 MiB  13.61% 2.40 MiB p/s     > gcr.io/k8s-minikube/kicbase: 52.38 MiB / 379.06 MiB  13.82% 2.49 MiB p/s     > gcr.io/k8s-minikube/kicbase: 53.21 MiB / 379.06 MiB  14.04% 2.49 MiB p/s     > gcr.io/k8s-minikube/kicbase: 53.94 MiB / 379.06 MiB  14.23% 2.49 MiB p/s     > gcr.io/k8s-minikube/kicbase: 54.70 MiB / 379.06 MiB  14.43% 2.57 MiB p/s     > gcr.io/k8s-minikube/kicbase: 54.98 MiB / 379.06 MiB  14.50% 2.57 MiB p/s     > gcr.io/k8s-minikube/kicbase: 55.38 MiB / 379.06 MiB  14.61% 2.57 MiB p/s     > gcr.io/k8s-minikube/kicbase: 56.33 MiB / 379.06 MiB  14.86% 2.58 MiB p/s     > gcr.io/k8s-minikube/kicbase: 57.18 MiB / 379.06 MiB  15.09% 2.58 MiB p/s     > gcr.io/k8s-minikube/kicbase: 57.79 MiB / 379.06 MiB  15.24% 2.58 MiB p/s     > gcr.io/k8s-minikube/kicbase: 58.62 MiB / 379.06 MiB  15.46% 2.66 MiB p/s     > gcr.io/k8s-minikube/kicbase: 59.43 MiB / 379.06 MiB  15.68% 2.66 MiB p/s     > gcr.io/k8s-minikube/kicbase: 60.19 MiB / 379.06 MiB  15.88% 2.66 MiB p/s     > gcr.io/k8s-minikube/kicbase: 61.14 MiB / 379.06 MiB  16.13% 2.76 MiB p/s     > gcr.io/k8s-minikube/kicbase: 61.50 MiB / 379.06 MiB  16.22% 2.76 MiB p/s     > gcr.io/k8s-minikube/kicbase: 62.66 MiB / 379.06 MiB  16.53% 2.76 MiB p/s     > gcr.io/k8s-minikube/kicbase: 63.40 MiB / 379.06 MiB  16.73% 2.83 MiB p/s     > gcr.io/k8s-minikube/kicbase: 64.29 MiB / 379.06 MiB  16.96% 2.83 MiB p/s     > gcr.io/k8s-minikube/kicbase: 65.29 MiB / 379.06 MiB  17.22% 2.83 MiB p/s     > gcr.io/k8s-minikube/kicbase: 66.10 MiB / 379.06 MiB  17.44% 2.93 MiB p/s     > gcr.io/k8s-minikube/kicbase: 66.94 MiB / 379.06 MiB  17.66% 2.93 MiB p/s     > gcr.io/k8s-minikube/kicbase: 67.83 MiB / 379.06 MiB  17.89% 2.93 MiB p/s     > gcr.io/k8s-minikube/kicbase: 68.38 MiB / 379.06 MiB  18.04% 2.99 MiB p/s     > gcr.io/k8s-minikube/kicbase: 68.92 MiB / 379.06 MiB  18.18% 2.99 MiB p/s     > gcr.io/k8s-minikube/kicbase: 69.66 MiB / 379.06 MiB  18.38% 2.99 MiB p/s     > gcr.io/k8s-minikube/kicbase: 70.55 MiB / 379.06 MiB  18.61% 3.03 MiB p/s     > gcr.io/k8s-minikube/kicbase: 70.82 MiB / 379.06 MiB  18.68% 3.03 MiB p/s 
    minikube-cluster:     > gcr.io/k8s-minikube/kicbase: 70.82 MiB / 379.06 MiB  18.68% 3.03 MiB p/s     > gcr.io/k8s-minikube/kicbase: 70.82 MiB / 379.06 MiB  18.68% 2.86 MiB p/s     > gcr.io/k8s-minikube/kicbase: 70.82 MiB / 379.06 MiB  18.68% 2.86 MiB p/s     > gcr.io/k8s-minikube/kicbase: 70.82 MiB / 379.06 MiB  18.68% 2.86 MiB p/s     > gcr.io/k8s-minikube/kicbase: 70.82 MiB / 379.06 MiB  18.68% 2.68 MiB p/s     > gcr.io/k8s-minikube/kicbase: 71.26 MiB / 379.06 MiB  18.80% 2.68 MiB p/s     > gcr.io/k8s-minikube/kicbase: 71.81 MiB / 379.06 MiB  18.94% 2.68 MiB p/s     > gcr.io/k8s-minikube/kicbase: 72.43 MiB / 379.06 MiB  19.11% 2.68 MiB p/s     > gcr.io/k8s-minikube/kicbase: 73.25 MiB / 379.06 MiB  19.32% 2.68 MiB p/s     > gcr.io/k8s-minikube/kicbase: 73.71 MiB / 379.06 MiB  19.45% 2.68 MiB p/s     > gcr.io/k8s-minikube/kicbase: 74.46 MiB / 379.06 MiB  19.64% 2.73 MiB p/s     > gcr.io/k8s-minikube/kicbase: 75.16 MiB / 379.06 MiB  19.83% 2.73 MiB p/s     > gcr.io/k8s-minikube/kicbase: 75.85 MiB / 379.06 MiB  20.01% 2.73 MiB p/s     > gcr.io/k8s-minikube/kicbase: 76.89 MiB / 379.06 MiB  20.28% 2.81 MiB p/s     > gcr.io/k8s-minikube/kicbase: 77.69 MiB / 379.06 MiB  20.49% 2.81 MiB p/s     > gcr.io/k8s-minikube/kicbase: 78.37 MiB / 379.06 MiB  20.68% 2.81 MiB p/s     > gcr.io/k8s-minikube/kicbase: 78.99 MiB / 379.06 MiB  20.84% 2.86 MiB p/s     > gcr.io/k8s-minikube/kicbase: 79.08 MiB / 379.06 MiB  20.86% 2.86 MiB p/s     > gcr.io/k8s-minikube/kicbase: 79.46 MiB / 379.06 MiB  20.96% 2.86 MiB p/s     > gcr.io/k8s-minikube/kicbase: 80.24 MiB / 379.06 MiB  21.17% 2.81 MiB p/s     > gcr.io/k8s-minikube/kicbase: 81.04 MiB / 379.06 MiB  21.38% 2.81 MiB p/s     > gcr.io/k8s-minikube/kicbase: 81.69 MiB / 379.06 MiB  21.55% 2.81 MiB p/s     > gcr.io/k8s-minikube/kicbase: 82.17 MiB / 379.06 MiB  21.68% 2.83 MiB p/s     > gcr.io/k8s-minikube/kicbase: 82.55 MiB / 379.06 MiB  21.78% 2.83 MiB p/s     > gcr.io/k8s-minikube/kicbase: 83.18 MiB / 379.06 MiB  21.94% 2.83 MiB p/s     > gcr.io/k8s-minikube/kicbase: 83.35 MiB / 379.06 MiB  21.99% 2.78 MiB p/s     > gcr.io/k8s-minikube/kicbase: 84.49 MiB / 379.06 MiB  22.29% 2.78 MiB p/s     > gcr.io/k8s-minikube/kicbase: 85.23 MiB / 379.06 MiB  22.48% 2.78 MiB p/s     > gcr.io/k8s-minikube/kicbase: 85.99 MiB / 379.06 MiB  22.68% 2.88 MiB p/s     > gcr.io/k8s-minikube/kicbase: 86.53 MiB / 379.06 MiB  22.83% 2.88 MiB p/s     > gcr.io/k8s-minikube/kicbase: 87.24 MiB / 379.06 MiB  23.02% 2.88 MiB p/s     > gcr.io/k8s-minikube/kicbase: 88.26 MiB / 379.06 MiB  23.28% 2.94 MiB p/s     > gcr.io/k8s-minikube/kicbase: 88.97 MiB / 379.06 MiB  23.47% 2.94 MiB p/s     > gcr.io/k8s-minikube/kicbase: 89.89 MiB / 379.06 MiB  23.71% 2.94 MiB p/s     > gcr.io/k8s-minikube/kicbase: 89.89 MiB / 379.06 MiB  23.71% 2.93 MiB p/s     > gcr.io/k8s-minikube/kicbase: 89.89 MiB / 379.06 MiB  23.71% 2.93 MiB p/s     > gcr.io/k8s-minikube/kicbase: 89.89 MiB / 379.06 MiB  23.71% 2.93 MiB p/s     > gcr.io/k8s-minikube/kicbase: 89.89 MiB / 379.06 MiB  23.71% 2.74 MiB p/s     > gcr.io/k8s-minikube/kicbase: 89.89 MiB / 379.06 MiB  23.71% 2.74 MiB p/s     > gcr.io/k8s-minikube/kicbase: 89.89 MiB / 379.06 MiB  23.71% 2.74 MiB p/s     > gcr.io/k8s-minikube/kicbase: 90.60 MiB / 379.06 MiB  23.90% 2.64 MiB p/s     > gcr.io/k8s-minikube/kicbase: 91.13 MiB / 379.06 MiB  24.04% 2.64 MiB p/s     > gcr.io/k8s-minikube/kicbase: 91.99 MiB / 379.06 MiB  24.27% 2.64 MiB p/s     > gcr.io/k8s-minikube/kicbase: 92.54 MiB / 379.06 MiB  24.41% 2.67 MiB p/s     > gcr.io/k8s-minikube/kicbase: 93.20 MiB / 379.06 MiB  24.59% 2.67 MiB p/s     > gcr.io/k8s-minikube/kicbase: 94.27 MiB / 379.06 MiB  24.87% 2.67 MiB p/s     > gcr.io/k8s-minikube/kicbase: 95.20 MiB / 379.06 MiB  25.11% 2.79 MiB p/s     > gcr.io/k8s-minikube/kicbase: 96.06 MiB / 379.06 MiB  25.34% 2.79 MiB p/s     > gcr.io/k8s-minikube/kicbase: 97.00 MiB / 379.06 MiB  25.59% 2.79 MiB p/s     > gcr.io/k8s-minikube/kicbase: 97.98 MiB / 379.06 MiB  25.85% 2.91 MiB p/s     > gcr.io/k8s-minikube/kicbase: 99.00 MiB / 379.06 MiB  26.12% 2.91 MiB p/s     > gcr.io/k8s-minikube/kicbase: 99.90 MiB / 379.06 MiB  26.35% 2.91 MiB p/s     > gcr.io/k8s-minikube/kicbase: 100.42 MiB / 379.06 MiB  26.49% 2.98 MiB p/s    > gcr.io/k8s-minikube/kicbase: 100.81 MiB / 379.06 MiB  26.60% 2.98 MiB p/s    > gcr.io/k8s-minikube/kicbase: 101.74 MiB / 379.06 MiB  26.84% 2.98 MiB p/s    > gcr.io/k8s-minikube/kicbase: 102.56 MiB / 379.06 MiB  27.06% 3.02 MiB p/s    > gcr.io/k8s-minikube/kicbase: 103.29 MiB / 379.06 MiB  27.25% 3.02 MiB p/s    > gcr.io/k8s-minikube/kicbase: 104.01 MiB / 379.06 MiB  27.44% 3.02 MiB p/s    > gcr.io/k8s-minikube/kicbase: 104.96 MiB / 379.06 MiB  27.69% 3.08 MiB p/s    > gcr.io/k8s-minikube/kicbase: 105.74 MiB / 379.06 MiB  27.89% 3.08 MiB p/s    > gcr.io/k8s-minikube/kicbase: 106.66 MiB / 379.06 MiB  28.14% 3.08 MiB p/s    > gcr.io/k8s-minikube/kicbase: 107.41 MiB / 379.06 MiB  28.34% 3.15 MiB p/s    > gcr.io/k8s-minikube/kicbase: 108.35 MiB / 379.06 MiB  28.58% 3.15 MiB p/s    > gcr.io/k8s-minikube/kicbase: 109.30 MiB / 379.06 MiB  28.83% 3.15 MiB p/s
    minikube-cluster:     > gcr.io/k8s-minikube/kicbase: 110.23 MiB / 379.06 MiB  29.08% 3.25 MiB p/s    > gcr.io/k8s-minikube/kicbase: 111.22 MiB / 379.06 MiB  29.34% 3.25 MiB p/s    > gcr.io/k8s-minikube/kicbase: 112.17 MiB / 379.06 MiB  29.59% 3.25 MiB p/s    > gcr.io/k8s-minikube/kicbase: 113.21 MiB / 379.06 MiB  29.86% 3.36 MiB p/s    > gcr.io/k8s-minikube/kicbase: 114.12 MiB / 379.06 MiB  30.11% 3.36 MiB p/s    > gcr.io/k8s-minikube/kicbase: 114.12 MiB / 379.06 MiB  30.11% 3.36 MiB p/s    > gcr.io/k8s-minikube/kicbase: 114.12 MiB / 379.06 MiB  30.11% 3.24 MiB p/s    > gcr.io/k8s-minikube/kicbase: 114.92 MiB / 379.06 MiB  30.32% 3.24 MiB p/s    > gcr.io/k8s-minikube/kicbase: 115.84 MiB / 379.06 MiB  30.56% 3.24 MiB p/s    > gcr.io/k8s-minikube/kicbase: 116.74 MiB / 379.06 MiB  30.80% 3.31 MiB p/s    > gcr.io/k8s-minikube/kicbase: 117.56 MiB / 379.06 MiB  31.01% 3.31 MiB p/s    > gcr.io/k8s-minikube/kicbase: 118.45 MiB / 379.06 MiB  31.25% 3.31 MiB p/s    > gcr.io/k8s-minikube/kicbase: 119.11 MiB / 379.06 MiB  31.42% 3.35 MiB p/s    > gcr.io/k8s-minikube/kicbase: 119.94 MiB / 379.06 MiB  31.64% 3.35 MiB p/s    > gcr.io/k8s-minikube/kicbase: 121.14 MiB / 379.06 MiB  31.96% 3.35 MiB p/s    > gcr.io/k8s-minikube/kicbase: 121.80 MiB / 379.06 MiB  32.13% 3.43 MiB p/s    > gcr.io/k8s-minikube/kicbase: 122.71 MiB / 379.06 MiB  32.37% 3.43 MiB p/s    > gcr.io/k8s-minikube/kicbase: 123.56 MiB / 379.06 MiB  32.60% 3.43 MiB p/s    > gcr.io/k8s-minikube/kicbase: 124.44 MiB / 379.06 MiB  32.83% 3.49 MiB p/s    > gcr.io/k8s-minikube/kicbase: 125.28 MiB / 379.06 MiB  33.05% 3.49 MiB p/s    > gcr.io/k8s-minikube/kicbase: 126.15 MiB / 379.06 MiB  33.28% 3.49 MiB p/s    > gcr.io/k8s-minikube/kicbase: 127.02 MiB / 379.06 MiB  33.51% 3.54 MiB p/s    > gcr.io/k8s-minikube/kicbase: 127.84 MiB / 379.06 MiB  33.73% 3.54 MiB p/s    > gcr.io/k8s-minikube/kicbase: 128.46 MiB / 379.06 MiB  33.89% 3.54 MiB p/s    > gcr.io/k8s-minikube/kicbase: 128.79 MiB / 379.06 MiB  33.98% 3.50 MiB p/s    > gcr.io/k8s-minikube/kicbase: 129.14 MiB / 379.06 MiB  34.07% 3.50 MiB p/s    > gcr.io/k8s-minikube/kicbase: 129.98 MiB / 379.06 MiB  34.29% 3.50 MiB p/s    > gcr.io/k8s-minikube/kicbase: 130.13 MiB / 379.06 MiB  34.33% 3.42 MiB p/s    > gcr.io/k8s-minikube/kicbase: 131.43 MiB / 379.06 MiB  34.67% 3.42 MiB p/s    > gcr.io/k8s-minikube/kicbase: 132.22 MiB / 379.06 MiB  34.88% 3.42 MiB p/s    > gcr.io/k8s-minikube/kicbase: 133.00 MiB / 379.06 MiB  35.09% 3.51 MiB p/s    > gcr.io/k8s-minikube/kicbase: 133.52 MiB / 379.06 MiB  35.22% 3.51 MiB p/s    > gcr.io/k8s-minikube/kicbase: 134.28 MiB / 379.06 MiB  35.42% 3.51 MiB p/s    > gcr.io/k8s-minikube/kicbase: 134.91 MiB / 379.06 MiB  35.59% 3.49 MiB p/s    > gcr.io/k8s-minikube/kicbase: 136.43 MiB / 379.06 MiB  35.99% 3.49 MiB p/s    > gcr.io/k8s-minikube/kicbase: 137.50 MiB / 379.06 MiB  36.27% 3.49 MiB p/s    > gcr.io/k8s-minikube/kicbase: 138.66 MiB / 379.06 MiB  36.58% 3.67 MiB p/s    > gcr.io/k8s-minikube/kicbase: 140.03 MiB / 379.06 MiB  36.94% 3.67 MiB p/s    > gcr.io/k8s-minikube/kicbase: 141.60 MiB / 379.06 MiB  37.36% 3.67 MiB p/s    > gcr.io/k8s-minikube/kicbase: 143.15 MiB / 379.06 MiB  37.76% 3.91 MiB p/s    > gcr.io/k8s-minikube/kicbase: 145.10 MiB / 379.06 MiB  38.28% 3.91 MiB p/s    > gcr.io/k8s-minikube/kicbase: 147.00 MiB / 379.06 MiB  38.78% 3.91 MiB p/s    > gcr.io/k8s-minikube/kicbase: 149.11 MiB / 379.06 MiB  39.34% 4.30 MiB p/s    > gcr.io/k8s-minikube/kicbase: 151.40 MiB / 379.06 MiB  39.94% 4.30 MiB p/s    > gcr.io/k8s-minikube/kicbase: 154.10 MiB / 379.06 MiB  40.65% 4.30 MiB p/s    > gcr.io/k8s-minikube/kicbase: 156.91 MiB / 379.06 MiB  41.39% 4.86 MiB p/s    > gcr.io/k8s-minikube/kicbase: 159.85 MiB / 379.06 MiB  42.17% 4.86 MiB p/s    > gcr.io/k8s-minikube/kicbase: 163.16 MiB / 379.06 MiB  43.04% 4.86 MiB p/s    > gcr.io/k8s-minikube/kicbase: 165.75 MiB / 379.06 MiB  43.73% 5.50 MiB p/s    > gcr.io/k8s-minikube/kicbase: 168.92 MiB / 379.06 MiB  44.56% 5.50 MiB p/s    > gcr.io/k8s-minikube/kicbase: 171.29 MiB / 379.06 MiB  45.19% 5.50 MiB p/s    > gcr.io/k8s-minikube/kicbase: 175.27 MiB / 379.06 MiB  46.24% 6.17 MiB p/s    > gcr.io/k8s-minikube/kicbase: 176.39 MiB / 379.06 MiB  46.53% 6.17 MiB p/s    > gcr.io/k8s-minikube/kicbase: 179.03 MiB / 379.06 MiB  47.23% 6.17 MiB p/s    > gcr.io/k8s-minikube/kicbase: 181.72 MiB / 379.06 MiB  47.94% 6.46 MiB p/s    > gcr.io/k8s-minikube/kicbase: 184.62 MiB / 379.06 MiB  48.70% 6.46 MiB p/s    > gcr.io/k8s-minikube/kicbase: 187.32 MiB / 379.06 MiB  49.42% 6.46 MiB p/s    > gcr.io/k8s-minikube/kicbase: 189.16 MiB / 379.06 MiB  49.90% 6.85 MiB p/s    > gcr.io/k8s-minikube/kicbase: 192.78 MiB / 379.06 MiB  50.86% 6.85 MiB p/s    > gcr.io/k8s-minikube/kicbase: 194.57 MiB / 379.06 MiB  51.33% 6.85 MiB p/s    > gcr.io/k8s-minikube/kicbase: 196.12 MiB / 379.06 MiB  51.74% 7.15 MiB p/s    > gcr.io/k8s-minikube/kicbase: 198.77 MiB / 379.06 MiB  52.44% 7.15 MiB p/s    > gcr.io/k8s-minikube/kicbase: 201.53 MiB / 379.06 MiB  53.17% 7.15 MiB p/s    > gcr.io/k8s-minikube/kicbase: 203.10 MiB / 379.06 MiB  53.58% 7.44 MiB p/s
    minikube-cluster:     > gcr.io/k8s-minikube/kicbase: 204.37 MiB / 379.06 MiB  53.91% 7.44 MiB p/s    > gcr.io/k8s-minikube/kicbase: 205.99 MiB / 379.06 MiB  54.34% 7.44 MiB p/s    > gcr.io/k8s-minikube/kicbase: 208.67 MiB / 379.06 MiB  55.05% 7.56 MiB p/s    > gcr.io/k8s-minikube/kicbase: 211.51 MiB / 379.06 MiB  55.80% 7.56 MiB p/s    > gcr.io/k8s-minikube/kicbase: 214.39 MiB / 379.06 MiB  56.56% 7.56 MiB p/s    > gcr.io/k8s-minikube/kicbase: 217.32 MiB / 379.06 MiB  57.33% 8.00 MiB p/s    > gcr.io/k8s-minikube/kicbase: 219.65 MiB / 379.06 MiB  57.95% 8.00 MiB p/s    > gcr.io/k8s-minikube/kicbase: 222.76 MiB / 379.06 MiB  58.77% 8.00 MiB p/s    > gcr.io/k8s-minikube/kicbase: 225.86 MiB / 379.06 MiB  59.58% 8.41 MiB p/s    > gcr.io/k8s-minikube/kicbase: 226.76 MiB / 379.06 MiB  59.82% 8.41 MiB p/s    > gcr.io/k8s-minikube/kicbase: 226.76 MiB / 379.06 MiB  59.82% 8.41 MiB p/s    > gcr.io/k8s-minikube/kicbase: 227.13 MiB / 379.06 MiB  59.92% 8.00 MiB p/s    > gcr.io/k8s-minikube/kicbase: 227.62 MiB / 379.06 MiB  60.05% 8.00 MiB p/s    > gcr.io/k8s-minikube/kicbase: 227.62 MiB / 379.06 MiB  60.05% 8.00 MiB p/s    > gcr.io/k8s-minikube/kicbase: 229.75 MiB / 379.06 MiB  60.61% 7.77 MiB p/s    > gcr.io/k8s-minikube/kicbase: 231.07 MiB / 379.06 MiB  60.96% 7.77 MiB p/s    > gcr.io/k8s-minikube/kicbase: 231.07 MiB / 379.06 MiB  60.96% 7.77 MiB p/s    > gcr.io/k8s-minikube/kicbase: 231.07 MiB / 379.06 MiB  60.96% 7.41 MiB p/s    > gcr.io/k8s-minikube/kicbase: 231.07 MiB / 379.06 MiB  60.96% 7.41 MiB p/s    > gcr.io/k8s-minikube/kicbase: 231.07 MiB / 379.06 MiB  60.96% 7.41 MiB p/s    > gcr.io/k8s-minikube/kicbase: 231.07 MiB / 379.06 MiB  60.96% 6.93 MiB p/s    > gcr.io/k8s-minikube/kicbase: 231.07 MiB / 379.06 MiB  60.96% 6.93 MiB p/s    > gcr.io/k8s-minikube/kicbase: 234.23 MiB / 379.06 MiB  61.79% 6.93 MiB p/s    > gcr.io/k8s-minikube/kicbase: 236.30 MiB / 379.06 MiB  62.34% 7.05 MiB p/s    > gcr.io/k8s-minikube/kicbase: 239.29 MiB / 379.06 MiB  63.13% 7.05 MiB p/s    > gcr.io/k8s-minikube/kicbase: 241.87 MiB / 379.06 MiB  63.81% 7.05 MiB p/s    > gcr.io/k8s-minikube/kicbase: 245.14 MiB / 379.06 MiB  64.67% 7.54 MiB p/s    > gcr.io/k8s-minikube/kicbase: 248.13 MiB / 379.06 MiB  65.46% 7.54 MiB p/s    > gcr.io/k8s-minikube/kicbase: 250.40 MiB / 379.06 MiB  66.06% 7.54 MiB p/s    > gcr.io/k8s-minikube/kicbase: 253.36 MiB / 379.06 MiB  66.84% 7.94 MiB p/s    > gcr.io/k8s-minikube/kicbase: 255.70 MiB / 379.06 MiB  67.45% 7.94 MiB p/s    > gcr.io/k8s-minikube/kicbase: 258.59 MiB / 379.06 MiB  68.22% 7.94 MiB p/s    > gcr.io/k8s-minikube/kicbase: 260.94 MiB / 379.06 MiB  68.84% 8.24 MiB p/s    > gcr.io/k8s-minikube/kicbase: 264.02 MiB / 379.06 MiB  69.65% 8.24 MiB p/s    > gcr.io/k8s-minikube/kicbase: 266.51 MiB / 379.06 MiB  70.31% 8.24 MiB p/s    > gcr.io/k8s-minikube/kicbase: 269.45 MiB / 379.06 MiB  71.08% 8.62 MiB p/s    > gcr.io/k8s-minikube/kicbase: 271.30 MiB / 379.06 MiB  71.57% 8.62 MiB p/s    > gcr.io/k8s-minikube/kicbase: 275.34 MiB / 379.06 MiB  72.64% 8.62 MiB p/s    > gcr.io/k8s-minikube/kicbase: 276.87 MiB / 379.06 MiB  73.04% 8.86 MiB p/s    > gcr.io/k8s-minikube/kicbase: 276.87 MiB / 379.06 MiB  73.04% 8.86 MiB p/s    > gcr.io/k8s-minikube/kicbase: 277.49 MiB / 379.06 MiB  73.20% 8.86 MiB p/s    > gcr.io/k8s-minikube/kicbase: 277.49 MiB / 379.06 MiB  73.20% 8.36 MiB p/s    > gcr.io/k8s-minikube/kicbase: 280.15 MiB / 379.06 MiB  73.91% 8.36 MiB p/s    > gcr.io/k8s-minikube/kicbase: 283.23 MiB / 379.06 MiB  74.72% 8.36 MiB p/s    > gcr.io/k8s-minikube/kicbase: 286.50 MiB / 379.06 MiB  75.58% 8.85 MiB p/s    > gcr.io/k8s-minikube/kicbase: 289.87 MiB / 379.06 MiB  76.47% 8.85 MiB p/s    > gcr.io/k8s-minikube/kicbase: 292.84 MiB / 379.06 MiB  77.25% 8.85 MiB p/s    > gcr.io/k8s-minikube/kicbase: 296.08 MiB / 379.06 MiB  78.11% 9.31 MiB p/s    > gcr.io/k8s-minikube/kicbase: 298.32 MiB / 379.06 MiB  78.70% 9.31 MiB p/s    > gcr.io/k8s-minikube/kicbase: 299.57 MiB / 379.06 MiB  79.03% 9.31 MiB p/s    > gcr.io/k8s-minikube/kicbase: 301.31 MiB / 379.06 MiB  79.49% 9.27 MiB p/s    > gcr.io/k8s-minikube/kicbase: 306.02 MiB / 379.06 MiB  80.73% 9.27 MiB p/s    > gcr.io/k8s-minikube/kicbase: 307.40 MiB / 379.06 MiB  81.09% 9.27 MiB p/s    > gcr.io/k8s-minikube/kicbase: 309.81 MiB / 379.06 MiB  81.73% 9.53 MiB p/s    > gcr.io/k8s-minikube/kicbase: 311.84 MiB / 379.06 MiB  82.27% 9.53 MiB p/s    > gcr.io/k8s-minikube/kicbase: 314.12 MiB / 379.06 MiB  82.87% 9.53 MiB p/s    > gcr.io/k8s-minikube/kicbase: 318.21 MiB / 379.06 MiB  83.95% 9.88 MiB p/s    > gcr.io/k8s-minikube/kicbase: 320.68 MiB / 379.06 MiB  84.60% 9.88 MiB p/s    > gcr.io/k8s-minikube/kicbase: 320.68 MiB / 379.06 MiB  84.60% 9.88 MiB p/s    > gcr.io/k8s-minikube/kicbase: 322.58 MiB / 379.06 MiB  85.10% 9.71 MiB p/s    > gcr.io/k8s-minikube/kicbase: 325.41 MiB / 379.06 MiB  85.85% 9.71 MiB p/s    > gcr.io/k8s-minikube/kicbase: 328.64 MiB / 379.06 MiB  86.70% 9.71 MiB p/s    > gcr.io/k8s-minikube/kicbase: 330.36 MiB / 379.06 MiB  87.15% 9.92 MiB p/s    > gcr.io/k8s-minikube/kicbase: 334.21 MiB / 379.06 MiB  88.17% 9.92 MiB p/s
    minikube-cluster: * Creating docker container (CPUs=2, Memory=2200MB) ...
    minikube-cluster: * Preparing Kubernetes v1.23.3 on Docker 20.10.12 ...
    minikube-cluster:   - kubelet.housekeeping-interval=5m
    minikube-cluster:   - kubelet.cni-conf-dir=/etc/cni/net.mk
    minikube-cluster:   - Generating certificates and keys ...
    minikube-cluster:   - Booting up control plane ...
    minikube-cluster:   - Configuring RBAC rules ...
    minikube-cluster: * Configuring CNI (Container Networking Interface) ...
    minikube-cluster: * Verifying Kubernetes components...
    minikube-cluster:   - Using image gcr.io/k8s-minikube/storage-provisioner:v5
    minikube-cluster: * Enabled addons: storage-provisioner, default-storageclass
    minikube-cluster: 
    minikube-cluster: * Starting worker node minikube-m02 in cluster minikube
    minikube-cluster: * Pulling base image ...
    minikube-cluster: * Creating docker container (CPUs=2, Memory=2200MB) ...
    minikube-cluster: * Found network options:
    minikube-cluster:   - NO_PROXY=192.168.49.2
    minikube-cluster:     > gcr.io/k8s-minikube/kicbase: 335.40 MiB / 379.06 MiB  88.48% 9.92 MiB p/s    > gcr.io/k8s-minikube/kicbase: 341.38 MiB / 379.06 MiB  90.06% 10.47 MiB p/    > gcr.io/k8s-minikube/kicbase: 344.29 MiB / 379.06 MiB  90.83% 10.47 MiB p/    > gcr.io/k8s-minikube/kicbase: 347.20 MiB / 379.06 MiB  91.59% 10.47 MiB p/    > gcr.io/k8s-minikube/kicbase: 349.97 MiB / 379.06 MiB  92.32% 10.72 MiB p/    > gcr.io/k8s-minikube/kicbase: 353.05 MiB / 379.06 MiB  93.14% 10.72 MiB p/    > gcr.io/k8s-minikube/kicbase: 353.05 MiB / 379.06 MiB  93.14% 10.72 MiB p/    > gcr.io/k8s-minikube/kicbase: 353.05 MiB / 379.06 MiB  93.14% 10.35 MiB p/    > gcr.io/k8s-minikube/kicbase: 356.08 MiB / 379.06 MiB  93.94% 10.35 MiB p/    > gcr.io/k8s-minikube/kicbase: 359.46 MiB / 379.06 MiB  94.83% 10.35 MiB p/    > gcr.io/k8s-minikube/kicbase: 362.76 MiB / 379.06 MiB  95.70% 10.74 MiB p/    > gcr.io/k8s-minikube/kicbase: 364.48 MiB / 379.06 MiB  96.15% 10.74 MiB p/    > gcr.io/k8s-minikube/kicbase: 366.66 MiB / 379.06 MiB  96.73% 10.74 MiB p/    > gcr.io/k8s-minikube/kicbase: 369.43 MiB / 379.06 MiB  97.46% 10.76 MiB p/    > gcr.io/k8s-minikube/kicbase: 372.30 MiB / 379.06 MiB  98.21% 10.76 MiB p/    > gcr.io/k8s-minikube/kicbase: 375.25 MiB / 379.06 MiB  98.99% 10.76 MiB p/    > gcr.io/k8s-minikube/kicbase: 377.74 MiB / 379.06 MiB  99.65% 10.96 MiB p/    > gcr.io/k8s-minikube/kicbase: 379.03 MiB / 379.06 MiB  99.99% 10.96 MiB p/    > gcr.io/k8s-minikube/kicbase: 379.03 MiB / 379.06 MiB  99.99% 10.96 MiB p/    > gcr.io/k8s-minikube/kicbase: 379.03 MiB / 379.06 MiB  99.99% 10.39 MiB p/    > gcr.io/k8s-minikube/kicbase: 379.03 MiB / 379.06 MiB  99.99% 10.39 MiB p/    > gcr.io/k8s-minikube/kicbase: 379.03 MiB / 379.06 MiB  99.99% 10.39 MiB p/    > gcr.io/k8s-minikube/kicbase: 379.03 MiB / 379.06 MiB  99.99% 9.72 MiB p/s    > gcr.io/k8s-minikube/kicbase: 379.03 MiB / 379.06 MiB  99.99% 9.72 MiB p/s    > gcr.io/k8s-minikube/kicbase: 379.03 MiB / 379.06 MiB  99.99% 9.72 MiB p/s    > gcr.io/k8s-minikube/kicbase: 379.03 MiB / 379.06 MiB  99.99% 9.10 MiB p/s    > gcr.io/k8s-minikube/kicbase: 379.03 MiB / 379.06 MiB  99.99% 9.10 MiB p/s    > gcr.io/k8s-minikube/kicbase: 379.03 MiB / 379.06 MiB  99.99% 9.10 MiB p/s    > gcr.io/k8s-minikube/kicbase: 379.03 MiB / 379.06 MiB  99.99% 8.51 MiB p/s    > gcr.io/k8s-minikube/kicbase: 379.03 MiB / 379.06 MiB  99.99% 8.51 MiB p/s    > gcr.io/k8s-minikube/kicbase: 379.03 MiB / 379.06 MiB  99.99% 8.51 MiB p/s    > gcr.io/k8s-minikube/kicbase: 379.03 MiB / 379.06 MiB  99.99% 7.96 MiB p/s    > gcr.io/k8s-minikube/kicbase: 379.03 MiB / 379.06 MiB  99.99% 7.96 MiB p/s    > gcr.io/k8s-minikube/kicbase: 379.03 MiB / 379.06 MiB  99.99% 7.96 MiB p/s    > gcr.io/k8s-minikube/kicbase: 379.03 MiB / 379.06 MiB  99.99% 7.45 MiB p/s    > gcr.io/k8s-minikube/kicbase: 379.03 MiB / 379.06 MiB  99.99% 7.45 MiB p/s    > gcr.io/k8s-minikube/kicbase: 379.04 MiB / 379.06 MiB  99.99% 7.45 MiB p/s    > gcr.io/k8s-minikube/kicbase: 379.04 MiB / 379.06 MiB  99.99% 6.97 MiB p/s    > gcr.io/k8s-minikube/kicbase: 379.04 MiB / 379.06 MiB  99.99% 6.97 MiB p/s    > gcr.io/k8s-minikube/kicbase: 379.04 MiB / 379.06 MiB  99.99% 6.97 MiB p/s    > gcr.io/k8s-minikube/kicbase: 379.04 MiB / 379.06 MiB  99.99% 6.52 MiB p/s    > gcr.io/k8s-minikube/kicbase: 379.04 MiB / 379.06 MiB  99.99% 6.52 MiB p/s    > gcr.io/k8s-minikube/kicbase: 379.04 MiB / 379.06 MiB  99.99% 6.52 MiB p/s    > gcr.io/k8s-minikube/kicbase: 379.04 MiB / 379.06 MiB  99.99% 6.10 MiB p/s    > gcr.io/k8s-minikube/kicbase: 379.04 MiB / 379.06 MiB  99.99% 6.10 MiB p/s    > gcr.io/k8s-minikube/kicbase: 379.05 MiB / 379.06 MiB  100.00% 6.10 MiB p/    > gcr.io/k8s-minikube/kicbase: 379.05 MiB / 379.06 MiB  100.00% 5.70 MiB p/    > gcr.io/k8s-minikube/kicbase: 379.05 MiB / 379.06 MiB  100.00% 5.70 MiB p/    > gcr.io/k8s-minikube/kicbase: 379.05 MiB / 379.06 MiB  100.00% 5.70 MiB p/    > gcr.io/k8s-minikube/kicbase: 379.05 MiB / 379.06 MiB  100.00% 5.34 MiB p/    > gcr.io/k8s-minikube/kicbase: 379.05 MiB / 379.06 MiB  100.00% 5.34 MiB p/    > gcr.io/k8s-minikube/kicbase: 379.05 MiB / 379.06 MiB  100.00% 5.34 MiB p/    > gcr.io/k8s-minikube/kicbase: 379.05 MiB / 379.06 MiB  100.00% 4.99 MiB p/    > gcr.io/k8s-minikube/kicbase: 379.05 MiB / 379.06 MiB  100.00% 4.99 MiB p/    > gcr.io/k8s-minikube/kicbase: 379.06 MiB / 379.06 MiB  100.00% 4.99 MiB p/    > gcr.io/k8s-minikube/kicbase: 379.06 MiB / 379.06 MiB  100.00% 4.67 MiB p/    > gcr.io/k8s-minikube/kicbase: 379.06 MiB / 379.06 MiB  100.00% 4.67 MiB p/    > gcr.io/k8s-minikube/kicbase: 379.06 MiB / 379.06 MiB  100.00% 4.67 MiB p/    > gcr.io/k8s-minikube/kicbase: 379.06 MiB / 379.06 MiB  100.00% 4.37 MiB p/    > gcr.io/k8s-minikube/kicbase: 379.06 MiB / 379.06 MiB  100.00% 5.00 MiB p/! This container is having trouble accessing https://k8s.gcr.io
    minikube-cluster: * To pull new external images, you may need to configure a proxy: https://minikube.sigs.k8s.io/docs/reference/networking/proxy/
    minikube-cluster: * Preparing Kubernetes v1.23.3 on Docker 20.10.12 ...
    minikube-cluster:   - env NO_PROXY=192.168.49.2
    minikube-cluster: * Verifying Kubernetes components...
    minikube-cluster: 
    minikube-cluster: * Starting worker node minikube-m03 in cluster minikube
    minikube-cluster: * Pulling base image ...
    minikube-cluster: * Creating docker container (CPUs=2, Memory=2200MB) ...
    minikube-cluster: * Found network options:
    minikube-cluster:   - NO_PROXY=192.168.49.2,192.168.49.3
    minikube-cluster: * Preparing Kubernetes v1.23.3 on Docker 20.10.12 ...
    minikube-cluster:   - env NO_PROXY=192.168.49.2
    minikube-cluster:   - env NO_PROXY=192.168.49.2,192.168.49.3
    minikube-cluster: * Verifying Kubernetes components...
    minikube-cluster: * Done! kubectl is now configured to use "minikube" cluster and "default" namespace by default
